ARM GAS  C:\Users\Chris\AppData\Local\Temp\ccpiZEqh.s 			page 1


   1              		.cpu cortex-m0
   2              		.fpu softvfp
   3              		.eabi_attribute 20, 1
   4              		.eabi_attribute 21, 1
   5              		.eabi_attribute 23, 3
   6              		.eabi_attribute 24, 1
   7              		.eabi_attribute 25, 1
   8              		.eabi_attribute 26, 1
   9              		.eabi_attribute 30, 6
  10              		.eabi_attribute 34, 0
  11              		.eabi_attribute 18, 4
  12              		.code	16
  13              		.file	"main.c"
  14              		.text
  15              	.Ltext0:
  16              		.cfi_sections	.debug_frame
  17              		.data
  18              		.align	2
  19              		.type	hrmConnectionParam, %object
  20              		.size	hrmConnectionParam, 8
  21              	hrmConnectionParam:
  22 0000 2003     		.short	800
  23 0002 2003     		.short	800
  24 0004 3100     		.short	49
  25 0006 F401     		.short	500
  26              		.section	.text.InitializeSystem,"ax",%progbits
  27              		.align	2
  28              		.code	16
  29              		.thumb_func
  30              		.type	InitializeSystem, %function
  31              	InitializeSystem:
  32              	.LFB35:
  33              		.file 1 ".\\main.c"
   1:.\main.c      **** /*****************************************************************************
   2:.\main.c      **** * File Name: main.c
   3:.\main.c      **** *
   4:.\main.c      **** * Version: 1.0
   5:.\main.c      **** *
   6:.\main.c      **** * Description:
   7:.\main.c      **** * This is the top level file for the PSoC 4 BLE Lab 3.
   8:.\main.c      **** *
   9:.\main.c      **** * Hardware Dependency:
  10:.\main.c      **** * CY8CKIT-042 BLE Pioneer Kit
  11:.\main.c      **** *
  12:.\main.c      **** ******************************************************************************
  13:.\main.c      **** * Copyright (2014), Cypress Semiconductor Corporation.
  14:.\main.c      **** ******************************************************************************
  15:.\main.c      **** * This software is owned by Cypress Semiconductor Corporation (Cypress) and is
  16:.\main.c      **** * protected by and subject to worldwide patent protection (United States and
  17:.\main.c      **** * foreign), United States copyright laws and international treaty provisions.
  18:.\main.c      **** * Cypress hereby grants to licensee a personal, non-exclusive, non-transferable
  19:.\main.c      **** * license to copy, use, modify, create derivative works of, and compile the
  20:.\main.c      **** * Cypress Source Code and derivative works for the sole purpose of creating
  21:.\main.c      **** * custom software in support of licensee product to be used only in conjunction
  22:.\main.c      **** * with a Cypress integrated circuit as specified in the applicable agreement.
  23:.\main.c      **** * Any reproduction, modification, translation, compilation, or representation of
  24:.\main.c      **** * this software except as specified above is prohibited without the express
ARM GAS  C:\Users\Chris\AppData\Local\Temp\ccpiZEqh.s 			page 2


  25:.\main.c      **** * written permission of Cypress.
  26:.\main.c      **** *
  27:.\main.c      **** * Disclaimer: CYPRESS MAKES NO WARRANTY OF ANY KIND, EXPRESS OR IMPLIED, WITH
  28:.\main.c      **** * REGARD TO THIS MATERIAL, INCLUDING, BUT NOT LIMITED TO, THE IMPLIED
  29:.\main.c      **** * WARRANTIES OF MERCHANTABILITY AND FITNESS FOR A PARTICULAR PURPOSE.
  30:.\main.c      **** * Cypress reserves the right to make changes without further notice to the
  31:.\main.c      **** * materials described herein. Cypress does not assume any liability arising out
  32:.\main.c      **** * of the application or use of any product or circuit described herein. Cypress
  33:.\main.c      **** * does not authorize its products for use as critical components in life-support
  34:.\main.c      **** * systems where a malfunction or failure may reasonably be expected to result in
  35:.\main.c      **** * significant injury to the user. The inclusion of Cypress' product in a life-
  36:.\main.c      **** * support systems application implies that the manufacturer assumes all risk of
  37:.\main.c      **** * such use and in doing so indemnifies Cypress against all charges. Use may be
  38:.\main.c      **** * limited by and subject to the applicable Cypress software license agreement.
  39:.\main.c      **** *****************************************************************************/
  40:.\main.c      **** 
  41:.\main.c      **** 
  42:.\main.c      **** /*****************************************************************************
  43:.\main.c      **** * Included headers
  44:.\main.c      **** *****************************************************************************/
  45:.\main.c      **** #include <project.h>
  46:.\main.c      **** #include <stdbool.h>
  47:.\main.c      **** #include "main.h"
  48:.\main.c      **** #include "HeartRateProcessing.h"
  49:.\main.c      **** #include "BleProcessing.h"
  50:.\main.c      **** #include "WatchdogTimer.h"
  51:.\main.c      **** 
  52:.\main.c      **** 
  53:.\main.c      **** /*****************************************************************************
  54:.\main.c      **** * Macros
  55:.\main.c      **** *****************************************************************************/
  56:.\main.c      **** #define TIME_SINCE_CONNECTED_MS         (5000)
  57:.\main.c      **** 
  58:.\main.c      **** 
  59:.\main.c      **** /*****************************************************************************
  60:.\main.c      **** * Global variables
  61:.\main.c      **** *****************************************************************************/
  62:.\main.c      **** static CYBLE_GAP_CONN_UPDATE_PARAM_T hrmConnectionParam =
  63:.\main.c      **** {
  64:.\main.c      ****     800,         /* Minimum connection interval of 1 s */
  65:.\main.c      ****     800,         /* Maximum connection interval of 1 s */
  66:.\main.c      ****     49,         /* Slave latency of 49 */
  67:.\main.c      ****     500         /* Supervision timeout of 5 seconds */
  68:.\main.c      **** };
  69:.\main.c      **** 
  70:.\main.c      **** 
  71:.\main.c      **** /*****************************************************************************
  72:.\main.c      **** * Static function definitions
  73:.\main.c      **** *****************************************************************************/
  74:.\main.c      **** 
  75:.\main.c      **** /*****************************************************************************
  76:.\main.c      **** * Function Name: InitializeSystem
  77:.\main.c      **** ******************************************************************************
  78:.\main.c      **** * Summary:
  79:.\main.c      **** * Initializes all the blocks of the system.
  80:.\main.c      **** *
  81:.\main.c      **** * Parameters:
ARM GAS  C:\Users\Chris\AppData\Local\Temp\ccpiZEqh.s 			page 3


  82:.\main.c      **** * None
  83:.\main.c      **** *
  84:.\main.c      **** * Return:
  85:.\main.c      **** * None
  86:.\main.c      **** *
  87:.\main.c      **** * Theory:
  88:.\main.c      **** * The function enables the Opamp and ADC for the heart rate measurement, and 
  89:.\main.c      **** * setups the BLE component. It also starts the watchdog timer and ensures that 
  90:.\main.c      **** * all the status LEDs are off at system startup. 
  91:.\main.c      **** *
  92:.\main.c      **** * Side Effects:
  93:.\main.c      **** * None
  94:.\main.c      **** *
  95:.\main.c      **** *****************************************************************************/
  96:.\main.c      **** static void InitializeSystem(void)
  97:.\main.c      **** {
  34              		.loc 1 97 0
  35              		.cfi_startproc
  36 0000 80B5     		push	{r7, lr}
  37              		.cfi_def_cfa_offset 8
  38              		.cfi_offset 7, -8
  39              		.cfi_offset 14, -4
  40 0002 00AF     		add	r7, sp, #0
  41              		.cfi_def_cfa_register 7
  98:.\main.c      ****     #if (RGB_LED_IN_PROJECT)
  99:.\main.c      ****         /* Turn off all LEDs */
 100:.\main.c      ****         Led_Advertising_Green_Write(1);
  42              		.loc 1 100 0
  43 0004 0120     		mov	r0, #1
  44 0006 FFF7FEFF 		bl	Led_Advertising_Green_Write
 101:.\main.c      ****         Led_Connected_Blue_Write(1);
  45              		.loc 1 101 0
  46 000a 0120     		mov	r0, #1
  47 000c FFF7FEFF 		bl	Led_Connected_Blue_Write
 102:.\main.c      ****     #endif  /* #if (RGB_LED_IN_PROJECT) */
 103:.\main.c      **** 
 104:.\main.c      ****     /* Enabling Global interrupts */
 105:.\main.c      ****     CyGlobalIntEnable; 
  48              		.loc 1 105 0
  49              	@ 105 ".\main.c" 1
  50 0010 62B6     		CPSIE   i
  51              	@ 0 "" 2
 106:.\main.c      **** 	
 107:.\main.c      ****     /* Start Opamp and ADC components */
 108:.\main.c      **** 	Opamp_Start();
  52              		.loc 1 108 0
  53              		.code	16
  54 0012 FFF7FEFF 		bl	Opamp_Start
 109:.\main.c      ****     ADC_Start();
  55              		.loc 1 109 0
  56 0016 FFF7FEFF 		bl	ADC_Start
 110:.\main.c      ****     
 111:.\main.c      ****     /* Start PWM component */
 112:.\main.c      ****     PWM_Start();
  57              		.loc 1 112 0
  58 001a FFF7FEFF 		bl	PWM_Start
 113:.\main.c      **** 	
ARM GAS  C:\Users\Chris\AppData\Local\Temp\ccpiZEqh.s 			page 4


 114:.\main.c      ****     /* Start BLE component */
 115:.\main.c      ****     CyBle_Start(GeneralEventHandler);
  59              		.loc 1 115 0
  60 001e 064B     		ldr	r3, .L2
  61 0020 181C     		mov	r0, r3
  62 0022 FFF7FEFF 		bl	CyBle_Start
 116:.\main.c      ****     
 117:.\main.c      ****     
 118:.\main.c      ****     /* Register the Heart Rate Service event handler callback. The function
 119:.\main.c      ****      * to be registered is HrsEventHandler().
 120:.\main.c      ****      */
 121:.\main.c      **** 	CyBle_HrsRegisterAttrCallback(HrsEventHandler);
  63              		.loc 1 121 0
  64 0026 054B     		ldr	r3, .L2+4
  65 0028 181C     		mov	r0, r3
  66 002a FFF7FEFF 		bl	CyBle_HrsRegisterAttrCallback
 122:.\main.c      ****     
 123:.\main.c      ****     
 124:.\main.c      ****     /* Start the Watchdog Timer */
 125:.\main.c      **** 	WatchdogTimer_Start();
  67              		.loc 1 125 0
  68 002e FFF7FEFF 		bl	WatchdogTimer_Start
 126:.\main.c      **** }
  69              		.loc 1 126 0
  70 0032 BD46     		mov	sp, r7
  71              		@ sp needed
  72 0034 80BD     		pop	{r7, pc}
  73              	.L3:
  74 0036 C046     		.align	2
  75              	.L2:
  76 0038 00000000 		.word	GeneralEventHandler
  77 003c 00000000 		.word	HrsEventHandler
  78              		.cfi_endproc
  79              	.LFE35:
  80              		.size	InitializeSystem, .-InitializeSystem
  81              		.section	.text.main,"ax",%progbits
  82              		.align	2
  83              		.global	main
  84              		.code	16
  85              		.thumb_func
  86              		.type	main, %function
  87              	main:
  88              	.LFB36:
 127:.\main.c      **** 
 128:.\main.c      **** 
 129:.\main.c      **** /*****************************************************************************
 130:.\main.c      **** * Public function definitions
 131:.\main.c      **** *****************************************************************************/
 132:.\main.c      **** 
 133:.\main.c      **** /*****************************************************************************
 134:.\main.c      **** * Function Name: main
 135:.\main.c      **** ******************************************************************************
 136:.\main.c      **** * Summary:
 137:.\main.c      **** * The main function for the project.
 138:.\main.c      **** *
 139:.\main.c      **** * Parameters:
 140:.\main.c      **** * None
ARM GAS  C:\Users\Chris\AppData\Local\Temp\ccpiZEqh.s 			page 5


 141:.\main.c      **** *
 142:.\main.c      **** * Return:
 143:.\main.c      **** * None
 144:.\main.c      **** *
 145:.\main.c      **** * Theory:
 146:.\main.c      **** * The main function first calls the initialization function to start the 
 147:.\main.c      **** * system, and then enters a loop to run forever. In the main loop, it scans
 148:.\main.c      **** * the heart rate first, then sends a notification packet every second to a 
 149:.\main.c      **** * BLE connected device. It then enters low power (deep sleep) state, waiting
 150:.\main.c      **** * for the periodic wakeup interrupt from watchdog timer.
 151:.\main.c      **** * When the device is disconnected or when advertisement timeout happens, 
 152:.\main.c      **** * the device enters Hibernate mode, waiting for the SW2 switch press to wakeup.
 153:.\main.c      **** *
 154:.\main.c      **** * Side Effects:
 155:.\main.c      **** * None
 156:.\main.c      **** *
 157:.\main.c      **** *****************************************************************************/
 158:.\main.c      **** int main()
 159:.\main.c      **** {
  89              		.loc 1 159 0
  90              		.cfi_startproc
  91 0000 90B5     		push	{r4, r7, lr}
  92              		.cfi_def_cfa_offset 12
  93              		.cfi_offset 4, -12
  94              		.cfi_offset 7, -8
  95              		.cfi_offset 14, -4
  96 0002 83B0     		sub	sp, sp, #12
  97              		.cfi_def_cfa_offset 24
  98 0004 00AF     		add	r7, sp, #0
  99              		.cfi_def_cfa_register 7
 160:.\main.c      ****     static uint32 previousTimestamp = 0;
 161:.\main.c      ****     static uint32 currentTimestamp = 0;
 162:.\main.c      ****     CYBLE_LP_MODE_T bleMode;
 163:.\main.c      ****     uint8 interruptStatus;
 164:.\main.c      ****     
 165:.\main.c      ****     /* Initialize all blocks of the system */
 166:.\main.c      **** 	InitializeSystem();
 100              		.loc 1 166 0
 101 0006 FFF7FEFF 		bl	InitializeSystem
 102              	.L14:
 167:.\main.c      ****     
 168:.\main.c      ****     /* Run forever */
 169:.\main.c      ****     for(;;)
 170:.\main.c      ****     {
 171:.\main.c      ****         /* Wake up ADC from low power mode */
 172:.\main.c      ****         ADC_Wakeup();
 103              		.loc 1 172 0
 104 000a FFF7FEFF 		bl	ADC_Wakeup
 173:.\main.c      ****         
 174:.\main.c      ****         /* Analog Front End. 
 175:.\main.c      ****          * Detects the input signal and measures Heart Rate 
 176:.\main.c      ****          */
 177:.\main.c      ****         ProcessHeartRateSignal();
 105              		.loc 1 177 0
 106 000e FFF7FEFF 		bl	ProcessHeartRateSignal
 178:.\main.c      **** 
 179:.\main.c      ****         /* Put ADC in low power mode */
ARM GAS  C:\Users\Chris\AppData\Local\Temp\ccpiZEqh.s 			page 6


 180:.\main.c      ****         ADC_Sleep();
 107              		.loc 1 180 0
 108 0012 FFF7FEFF 		bl	ADC_Sleep
 181:.\main.c      ****         
 182:.\main.c      ****         /* Measure the current system timestamp from watchdog timer */
 183:.\main.c      ****         currentTimestamp = WatchdogTimer_GetTimestamp();        
 109              		.loc 1 183 0
 110 0016 FFF7FEFF 		bl	WatchdogTimer_GetTimestamp
 111 001a 021C     		mov	r2, r0
 112 001c 384B     		ldr	r3, .L15
 113 001e 1A60     		str	r2, [r3]
 184:.\main.c      **** 
 185:.\main.c      ****         /* Update BLE connection parameters a few seconds after connection */
 186:.\main.c      ****         if((CyBle_GetState() == CYBLE_STATE_CONNECTED) && 
 114              		.loc 1 186 0
 115 0020 384B     		ldr	r3, .L15+4
 116 0022 1B78     		ldrb	r3, [r3]
 117 0024 022B     		cmp	r3, #2
 118 0026 15D1     		bne	.L5
 187:.\main.c      ****            (connParamRequestState == CONN_PARAM_REQUEST_NOT_SENT))
 119              		.loc 1 187 0 discriminator 1
 120 0028 374B     		ldr	r3, .L15+8
 121 002a 1B78     		ldrb	r3, [r3]
 186:.\main.c      ****         if((CyBle_GetState() == CYBLE_STATE_CONNECTED) && 
 122              		.loc 1 186 0 discriminator 1
 123 002c 002B     		cmp	r3, #0
 124 002e 11D1     		bne	.L5
 188:.\main.c      ****         {
 189:.\main.c      ****             if((currentTimestamp - timestampWhenConnected) > TIME_SINCE_CONNECTED_MS)
 125              		.loc 1 189 0
 126 0030 334B     		ldr	r3, .L15
 127 0032 1A68     		ldr	r2, [r3]
 128 0034 354B     		ldr	r3, .L15+12
 129 0036 1B68     		ldr	r3, [r3]
 130 0038 D21A     		sub	r2, r2, r3
 131 003a 354B     		ldr	r3, .L15+16
 132 003c 9A42     		cmp	r2, r3
 133 003e 09D9     		bls	.L5
 190:.\main.c      ****             {
 191:.\main.c      ****                 CyBle_L2capLeConnectionParamUpdateRequest(cyBle_connHandle.bdHandle, &hrmConnection
 134              		.loc 1 191 0
 135 0040 344B     		ldr	r3, .L15+20
 136 0042 1A78     		ldrb	r2, [r3]
 137 0044 344B     		ldr	r3, .L15+24
 138 0046 101C     		mov	r0, r2
 139 0048 191C     		mov	r1, r3
 140 004a FFF7FEFF 		bl	CyBle_L2capLeConnectionParamUpdateRequest
 192:.\main.c      ****                 connParamRequestState = CONN_PARAM_REQUEST_SENT;
 141              		.loc 1 192 0
 142 004e 2E4B     		ldr	r3, .L15+8
 143 0050 0122     		mov	r2, #1
 144 0052 1A70     		strb	r2, [r3]
 145              	.L5:
 193:.\main.c      ****             }
 194:.\main.c      ****         }
 195:.\main.c      ****         
 196:.\main.c      ****         
ARM GAS  C:\Users\Chris\AppData\Local\Temp\ccpiZEqh.s 			page 7


 197:.\main.c      ****         /* Send Heart Rate notification over BLE every second.
 198:.\main.c      ****          * Check if the current timestamp minus previous exceeds 1000 ms.
 199:.\main.c      ****          */
 200:.\main.c      ****         if((currentTimestamp - previousTimestamp) >= 1000)
 146              		.loc 1 200 0
 147 0054 2A4B     		ldr	r3, .L15
 148 0056 1A68     		ldr	r2, [r3]
 149 0058 304B     		ldr	r3, .L15+28
 150 005a 1B68     		ldr	r3, [r3]
 151 005c D21A     		sub	r2, r2, r3
 152 005e 304B     		ldr	r3, .L15+32
 153 0060 9A42     		cmp	r2, r3
 154 0062 06D9     		bls	.L6
 201:.\main.c      ****         {
 202:.\main.c      ****             /* Call API defined in BleProcessing.c to send 
 203:.\main.c      ****              * notification over BLE.
 204:.\main.c      ****              */
 205:.\main.c      ****             SendHeartRateOverBLE();
 155              		.loc 1 205 0
 156 0064 FFF7FEFF 		bl	SendHeartRateOverBLE
 206:.\main.c      ****             
 207:.\main.c      ****             /* Update the previous timestamp with the current timestamp. */
 208:.\main.c      ****             previousTimestamp = currentTimestamp;
 157              		.loc 1 208 0
 158 0068 254B     		ldr	r3, .L15
 159 006a 1A68     		ldr	r2, [r3]
 160 006c 2B4B     		ldr	r3, .L15+28
 161 006e 1A60     		str	r2, [r3]
 209:.\main.c      ****         }
 210:.\main.c      **** 
 211:.\main.c      ****         /* Try to stay in low power mode until the next watchdog interrupt */
 212:.\main.c      ****         while(WatchdogTimer_GetTimestamp() == currentTimestamp)
 162              		.loc 1 212 0
 163 0070 24E0     		b	.L7
 164              	.L6:
 165 0072 23E0     		b	.L7
 166              	.L12:
 213:.\main.c      ****         {
 214:.\main.c      ****             /* Process any pending BLE events */
 215:.\main.c      ****             CyBle_ProcessEvents();
 167              		.loc 1 215 0
 168 0074 FFF7FEFF 		bl	CyBle_ProcessEvents
 216:.\main.c      ****             
 217:.\main.c      ****             /* The idea of low power operation is to first request the BLE 
 218:.\main.c      ****              * block go to Deep Sleep, and then check whether it actually
 219:.\main.c      ****              * entered Deep Sleep. This is important because the BLE block
 220:.\main.c      ****              * runs asynchronous to the rest of the application and thus
 221:.\main.c      ****              * could be busy/idle independent of the application state. 
 222:.\main.c      ****              * 
 223:.\main.c      ****              * Once the BLE block is in Deep Sleep, only then the system 
 224:.\main.c      ****              * can enter Deep Sleep. This is important to maintain the BLE 
 225:.\main.c      ****              * connection alive while being in Deep Sleep.
 226:.\main.c      ****              */
 227:.\main.c      **** 
 228:.\main.c      ****             
 229:.\main.c      ****             /* Request the BLE block to enter Deep Sleep */
 230:.\main.c      ****             // bleMode = CyBle_EnterLPM(CYBLE_BLESS_DEEPSLEEP);
ARM GAS  C:\Users\Chris\AppData\Local\Temp\ccpiZEqh.s 			page 8


 231:.\main.c      **** 
 232:.\main.c      ****             
 233:.\main.c      ****             /* Check if the BLE block entered Deep Sleep and if so, then the 
 234:.\main.c      ****              * system can enter Deep Sleep. This is done inside a Critical 
 235:.\main.c      ****              * Section (where global interrupts are disabled) to avoid a 
 236:.\main.c      ****              * race condition between application main (that wants to go to 
 237:.\main.c      ****              * Deep Sleep) and other interrupts (which keep the device from 
 238:.\main.c      ****              * going to Deep Sleep). 
 239:.\main.c      ****              */
 240:.\main.c      ****             interruptStatus = CyEnterCriticalSection();
 169              		.loc 1 240 0
 170 0078 FC1D     		add	r4, r7, #7
 171 007a FFF7FEFF 		bl	CyEnterCriticalSection
 172 007e 031C     		mov	r3, r0
 173 0080 2370     		strb	r3, [r4]
 241:.\main.c      ****             
 242:.\main.c      ****             /* Check if the BLE block entered Deep Sleep */
 243:.\main.c      ****             if(CYBLE_BLESS_DEEPSLEEP == bleMode)
 174              		.loc 1 243 0
 175 0082 BB1D     		add	r3, r7, #6
 176 0084 1B78     		ldrb	r3, [r3]
 177 0086 032B     		cmp	r3, #3
 178 0088 0CD1     		bne	.L8
 244:.\main.c      ****             {
 245:.\main.c      ****                 /* Check the current state of BLE - System can enter Deep Sleep
 246:.\main.c      ****                  * only when the BLE block is starting the ECO (during 
 247:.\main.c      ****                  * pre-processing for a new connection event) or when it is 
 248:.\main.c      ****                  * idle.
 249:.\main.c      ****                  */
 250:.\main.c      ****                 if((CyBle_GetBleSsState() == CYBLE_BLESS_STATE_ECO_ON) ||
 179              		.loc 1 250 0
 180 008a FFF7FEFF 		bl	CyBle_GetBleSsState
 181 008e 031C     		mov	r3, r0
 182 0090 042B     		cmp	r3, #4
 183 0092 04D0     		beq	.L9
 251:.\main.c      ****                    (CyBle_GetBleSsState() == CYBLE_BLESS_STATE_DEEPSLEEP))
 184              		.loc 1 251 0 discriminator 1
 185 0094 FFF7FEFF 		bl	CyBle_GetBleSsState
 186 0098 031C     		mov	r3, r0
 250:.\main.c      ****                 if((CyBle_GetBleSsState() == CYBLE_BLESS_STATE_ECO_ON) ||
 187              		.loc 1 250 0 discriminator 1
 188 009a 062B     		cmp	r3, #6
 189 009c 09D1     		bne	.L11
 190              	.L9:
 252:.\main.c      ****                 {
 253:.\main.c      ****                     CySysPmDeepSleep();
 191              		.loc 1 253 0
 192 009e FFF7FEFF 		bl	CySysPmDeepSleep
 193 00a2 06E0     		b	.L11
 194              	.L8:
 254:.\main.c      ****                 }
 255:.\main.c      ****             }
 256:.\main.c      ****             /* The else condition signifies that the BLE block cannot enter 
 257:.\main.c      ****              * Deep Sleep and is in Active mode.  
 258:.\main.c      ****              */
 259:.\main.c      ****             else
 260:.\main.c      ****             {
ARM GAS  C:\Users\Chris\AppData\Local\Temp\ccpiZEqh.s 			page 9


 261:.\main.c      ****                 /* At this point, the CPU can enter Sleep, but Deep Sleep is not
 262:.\main.c      ****                  * allowed. 
 263:.\main.c      ****                  * There is one exception - at a connection event, when the BLE 
 264:.\main.c      ****                  * Rx/Tx has just finished, and the post processing for the 
 265:.\main.c      ****                  * connection event is ongoing, the CPU cannot go to sleep.
 266:.\main.c      ****                  * The CPU should wait in Active mode until the post processing 
 267:.\main.c      ****                  * is complete while continuously polling the BLE low power 
 268:.\main.c      ****                  * entry. As soon as post processing is complete, the BLE block 
 269:.\main.c      ****                  * would enter Deep Sleep (because of the polling) and the 
 270:.\main.c      ****                  * system Deep Sleep would then be entered. Deep Sleep is the 
 271:.\main.c      ****                  * preferred low power mode since it takes much lesser current.
 272:.\main.c      ****                  */
 273:.\main.c      ****                 if(CyBle_GetBleSsState() != CYBLE_BLESS_STATE_EVENT_CLOSE)
 195              		.loc 1 273 0
 196 00a4 FFF7FEFF 		bl	CyBle_GetBleSsState
 197 00a8 031C     		mov	r3, r0
 198 00aa 022B     		cmp	r3, #2
 199 00ac 01D0     		beq	.L11
 274:.\main.c      ****                 {
 275:.\main.c      ****                     CySysPmSleep();
 200              		.loc 1 275 0
 201 00ae FFF7FEFF 		bl	CySysPmSleep
 202              	.L11:
 276:.\main.c      ****                 }
 277:.\main.c      ****             }
 278:.\main.c      ****             
 279:.\main.c      ****             /* Exit Critical section - Global interrupts are enabled again */
 280:.\main.c      ****             CyExitCriticalSection(interruptStatus);
 203              		.loc 1 280 0
 204 00b2 FB1D     		add	r3, r7, #7
 205 00b4 1B78     		ldrb	r3, [r3]
 206 00b6 181C     		mov	r0, r3
 207 00b8 FFF7FEFF 		bl	CyExitCriticalSection
 208              	.L7:
 212:.\main.c      ****         while(WatchdogTimer_GetTimestamp() == currentTimestamp)
 209              		.loc 1 212 0 discriminator 1
 210 00bc FFF7FEFF 		bl	WatchdogTimer_GetTimestamp
 211 00c0 021C     		mov	r2, r0
 212 00c2 0F4B     		ldr	r3, .L15
 213 00c4 1B68     		ldr	r3, [r3]
 214 00c6 9A42     		cmp	r2, r3
 215 00c8 D4D0     		beq	.L12
 281:.\main.c      ****         }
 282:.\main.c      **** 
 283:.\main.c      ****         /* Hibernate entry point - Hibernate is entered upon a BLE disconnect
 284:.\main.c      ****          * event or advertisement timeout. Wakeup happens via SW2 switch press, 
 285:.\main.c      ****          * upon which the execution starts from the first line of code. 
 286:.\main.c      ****          * The I/O state, RAM and UDBs are retained during Hibernate.
 287:.\main.c      ****          */
 288:.\main.c      ****         if(enterHibernateFlag)
 216              		.loc 1 288 0
 217 00ca 164B     		ldr	r3, .L15+36
 218 00cc 1B78     		ldrb	r3, [r3]
 219 00ce 002B     		cmp	r3, #0
 220 00d0 14D0     		beq	.L13
 289:.\main.c      ****         {
 290:.\main.c      ****             /* Stop the BLE component */
ARM GAS  C:\Users\Chris\AppData\Local\Temp\ccpiZEqh.s 			page 10


 291:.\main.c      ****             CyBle_Stop();
 221              		.loc 1 291 0
 222 00d2 FFF7FEFF 		bl	CyBle_Stop
 292:.\main.c      ****             
 293:.\main.c      ****             /* Enable the Hibernate wakeup functionality */
 294:.\main.c      ****             SW2_Switch_ClearInterrupt();
 223              		.loc 1 294 0
 224 00d6 FFF7FEFF 		bl	SW2_Switch_ClearInterrupt
 295:.\main.c      ****             Wakeup_ISR_Start();
 225              		.loc 1 295 0
 226 00da FFF7FEFF 		bl	Wakeup_ISR_Start
 296:.\main.c      ****             
 297:.\main.c      ****             #if (RGB_LED_IN_PROJECT)
 298:.\main.c      ****                 /* Turn off Green and Blue LEDs to indicate Hibernate */
 299:.\main.c      ****                 Led_Advertising_Green_Write(1);
 227              		.loc 1 299 0
 228 00de 0120     		mov	r0, #1
 229 00e0 FFF7FEFF 		bl	Led_Advertising_Green_Write
 300:.\main.c      ****                 Led_Connected_Blue_Write(1);
 230              		.loc 1 300 0
 231 00e4 0120     		mov	r0, #1
 232 00e6 FFF7FEFF 		bl	Led_Connected_Blue_Write
 301:.\main.c      ****                 
 302:.\main.c      ****                 /* Change the GPIO state to High-Z */
 303:.\main.c      ****                 Led_Advertising_Green_SetDriveMode(Led_Advertising_Green_DM_ALG_HIZ);
 233              		.loc 1 303 0
 234 00ea 0020     		mov	r0, #0
 235 00ec FFF7FEFF 		bl	Led_Advertising_Green_SetDriveMode
 304:.\main.c      ****                 Led_Connected_Blue_SetDriveMode(Led_Connected_Blue_DM_ALG_HIZ);
 236              		.loc 1 304 0
 237 00f0 0020     		mov	r0, #0
 238 00f2 FFF7FEFF 		bl	Led_Connected_Blue_SetDriveMode
 305:.\main.c      ****             #endif  /* #if (RGB_LED_IN_PROJECT) */
 306:.\main.c      ****             
 307:.\main.c      ****             /* Enter hibernate mode */
 308:.\main.c      ****             CySysPmHibernate();
 239              		.loc 1 308 0
 240 00f6 FFF7FEFF 		bl	CySysPmHibernate
 309:.\main.c      ****         }
 310:.\main.c      ****     }
 241              		.loc 1 310 0
 242 00fa 86E7     		b	.L14
 243              	.L13:
 244 00fc 85E7     		b	.L14
 245              	.L16:
 246 00fe C046     		.align	2
 247              	.L15:
 248 0100 00000000 		.word	currentTimestamp.6591
 249 0104 00000000 		.word	cyBle_state
 250 0108 00000000 		.word	connParamRequestState
 251 010c 00000000 		.word	timestampWhenConnected
 252 0110 88130000 		.word	5000
 253 0114 00000000 		.word	cyBle_connHandle
 254 0118 00000000 		.word	hrmConnectionParam
 255 011c 04000000 		.word	previousTimestamp.6590
 256 0120 E7030000 		.word	999
 257 0124 00000000 		.word	enterHibernateFlag
ARM GAS  C:\Users\Chris\AppData\Local\Temp\ccpiZEqh.s 			page 11


 258              		.cfi_endproc
 259              	.LFE36:
 260              		.size	main, .-main
 261              		.bss
 262              		.align	2
 263              	currentTimestamp.6591:
 264 0000 00000000 		.space	4
 265              		.align	2
 266              	previousTimestamp.6590:
 267 0004 00000000 		.space	4
 268              		.text
 269              	.Letext0:
 270              		.file 2 ".\\Generated_Source\\PSoC4/cytypes.h"
 271              		.file 3 ".\\Generated_Source\\PSoC4/BLE_1_Stack.h"
 272              		.file 4 ".\\Generated_Source\\PSoC4/BLE_1_StackGap.h"
 273              		.file 5 ".\\Generated_Source\\PSoC4/BLE_1_StackGatt.h"
 274              		.file 6 ".\\Generated_Source\\PSoC4/BLE_1_hrs.h"
 275              		.file 7 ".\\Generated_Source\\PSoC4/BLE_1_dis.h"
 276              		.file 8 ".\\Generated_Source\\PSoC4/BLE_1_eventHandler.h"
 277              		.file 9 ".\\BleProcessing.h"
 278              		.section	.debug_info,"",%progbits
 279              	.Ldebug_info0:
 280 0000 7F040000 		.4byte	0x47f
 281 0004 0400     		.2byte	0x4
 282 0006 00000000 		.4byte	.Ldebug_abbrev0
 283 000a 04       		.byte	0x4
 284 000b 01       		.uleb128 0x1
 285 000c 41080000 		.4byte	.LASF128
 286 0010 01       		.byte	0x1
 287 0011 85020000 		.4byte	.LASF129
 288 0015 65070000 		.4byte	.LASF130
 289 0019 00000000 		.4byte	.Ldebug_ranges0+0
 290 001d 00000000 		.4byte	0
 291 0021 00000000 		.4byte	.Ldebug_line0
 292 0025 02       		.uleb128 0x2
 293 0026 01       		.byte	0x1
 294 0027 06       		.byte	0x6
 295 0028 4D020000 		.4byte	.LASF0
 296 002c 02       		.uleb128 0x2
 297 002d 01       		.byte	0x1
 298 002e 08       		.byte	0x8
 299 002f 06090000 		.4byte	.LASF1
 300 0033 02       		.uleb128 0x2
 301 0034 02       		.byte	0x2
 302 0035 05       		.byte	0x5
 303 0036 41090000 		.4byte	.LASF2
 304 003a 02       		.uleb128 0x2
 305 003b 02       		.byte	0x2
 306 003c 07       		.byte	0x7
 307 003d 46050000 		.4byte	.LASF3
 308 0041 02       		.uleb128 0x2
 309 0042 04       		.byte	0x4
 310 0043 05       		.byte	0x5
 311 0044 70010000 		.4byte	.LASF4
 312 0048 02       		.uleb128 0x2
 313 0049 04       		.byte	0x4
 314 004a 07       		.byte	0x7
ARM GAS  C:\Users\Chris\AppData\Local\Temp\ccpiZEqh.s 			page 12


 315 004b B2040000 		.4byte	.LASF5
 316 004f 02       		.uleb128 0x2
 317 0050 08       		.byte	0x8
 318 0051 05       		.byte	0x5
 319 0052 3F020000 		.4byte	.LASF6
 320 0056 02       		.uleb128 0x2
 321 0057 08       		.byte	0x8
 322 0058 07       		.byte	0x7
 323 0059 8B010000 		.4byte	.LASF7
 324 005d 03       		.uleb128 0x3
 325 005e 04       		.byte	0x4
 326 005f 05       		.byte	0x5
 327 0060 696E7400 		.ascii	"int\000"
 328 0064 02       		.uleb128 0x2
 329 0065 04       		.byte	0x4
 330 0066 07       		.byte	0x7
 331 0067 6B040000 		.4byte	.LASF8
 332 006b 04       		.uleb128 0x4
 333 006c 79030000 		.4byte	.LASF9
 334 0070 02       		.byte	0x2
 335 0071 A1       		.byte	0xa1
 336 0072 2C000000 		.4byte	0x2c
 337 0076 04       		.uleb128 0x4
 338 0077 14090000 		.4byte	.LASF10
 339 007b 02       		.byte	0x2
 340 007c A2       		.byte	0xa2
 341 007d 3A000000 		.4byte	0x3a
 342 0081 04       		.uleb128 0x4
 343 0082 DD030000 		.4byte	.LASF11
 344 0086 02       		.byte	0x2
 345 0087 A3       		.byte	0xa3
 346 0088 48000000 		.4byte	0x48
 347 008c 02       		.uleb128 0x2
 348 008d 04       		.byte	0x4
 349 008e 04       		.byte	0x4
 350 008f 3B080000 		.4byte	.LASF12
 351 0093 02       		.uleb128 0x2
 352 0094 08       		.byte	0x8
 353 0095 04       		.byte	0x4
 354 0096 9E030000 		.4byte	.LASF13
 355 009a 02       		.uleb128 0x2
 356 009b 01       		.byte	0x1
 357 009c 08       		.byte	0x8
 358 009d 440A0000 		.4byte	.LASF14
 359 00a1 02       		.uleb128 0x2
 360 00a2 04       		.byte	0x4
 361 00a3 07       		.byte	0x7
 362 00a4 0A070000 		.4byte	.LASF15
 363 00a8 05       		.uleb128 0x5
 364 00a9 01       		.byte	0x1
 365 00aa 03       		.byte	0x3
 366 00ab 58       		.byte	0x58
 367 00ac 18020000 		.4byte	0x218
 368 00b0 06       		.uleb128 0x6
 369 00b1 59050000 		.4byte	.LASF16
 370 00b5 00       		.sleb128 0
 371 00b6 06       		.uleb128 0x6
ARM GAS  C:\Users\Chris\AppData\Local\Temp\ccpiZEqh.s 			page 13


 372 00b7 59020000 		.4byte	.LASF17
 373 00bb 01       		.sleb128 1
 374 00bc 06       		.uleb128 0x6
 375 00bd 5E010000 		.4byte	.LASF18
 376 00c1 02       		.sleb128 2
 377 00c2 06       		.uleb128 0x6
 378 00c3 CC0A0000 		.4byte	.LASF19
 379 00c7 03       		.sleb128 3
 380 00c8 06       		.uleb128 0x6
 381 00c9 A2010000 		.4byte	.LASF20
 382 00cd 04       		.sleb128 4
 383 00ce 06       		.uleb128 0x6
 384 00cf 23000000 		.4byte	.LASF21
 385 00d3 05       		.sleb128 5
 386 00d4 06       		.uleb128 0x6
 387 00d5 6B060000 		.4byte	.LASF22
 388 00d9 20       		.sleb128 32
 389 00da 06       		.uleb128 0x6
 390 00db AD020000 		.4byte	.LASF23
 391 00df 21       		.sleb128 33
 392 00e0 06       		.uleb128 0x6
 393 00e1 8E050000 		.4byte	.LASF24
 394 00e5 22       		.sleb128 34
 395 00e6 06       		.uleb128 0x6
 396 00e7 08060000 		.4byte	.LASF25
 397 00eb 23       		.sleb128 35
 398 00ec 06       		.uleb128 0x6
 399 00ed B0070000 		.4byte	.LASF26
 400 00f1 24       		.sleb128 36
 401 00f2 06       		.uleb128 0x6
 402 00f3 2C070000 		.4byte	.LASF27
 403 00f7 25       		.sleb128 37
 404 00f8 06       		.uleb128 0x6
 405 00f9 3A030000 		.4byte	.LASF28
 406 00fd 26       		.sleb128 38
 407 00fe 06       		.uleb128 0x6
 408 00ff B2050000 		.4byte	.LASF29
 409 0103 27       		.sleb128 39
 410 0104 06       		.uleb128 0x6
 411 0105 490A0000 		.4byte	.LASF30
 412 0109 28       		.sleb128 40
 413 010a 06       		.uleb128 0x6
 414 010b 0A020000 		.4byte	.LASF31
 415 010f 29       		.sleb128 41
 416 0110 06       		.uleb128 0x6
 417 0111 9F000000 		.4byte	.LASF32
 418 0115 2A       		.sleb128 42
 419 0116 06       		.uleb128 0x6
 420 0117 8E020000 		.4byte	.LASF33
 421 011b 2B       		.sleb128 43
 422 011c 06       		.uleb128 0x6
 423 011d FA0B0000 		.4byte	.LASF34
 424 0121 2C       		.sleb128 44
 425 0122 06       		.uleb128 0x6
 426 0123 F3090000 		.4byte	.LASF35
 427 0127 C000     		.sleb128 64
 428 0129 06       		.uleb128 0x6
ARM GAS  C:\Users\Chris\AppData\Local\Temp\ccpiZEqh.s 			page 14


 429 012a 2E060000 		.4byte	.LASF36
 430 012e C100     		.sleb128 65
 431 0130 06       		.uleb128 0x6
 432 0131 78040000 		.4byte	.LASF37
 433 0135 C200     		.sleb128 66
 434 0137 06       		.uleb128 0x6
 435 0138 030B0000 		.4byte	.LASF38
 436 013c C300     		.sleb128 67
 437 013e 06       		.uleb128 0x6
 438 013f F6040000 		.4byte	.LASF39
 439 0143 C400     		.sleb128 68
 440 0145 06       		.uleb128 0x6
 441 0146 37010000 		.4byte	.LASF40
 442 014a C500     		.sleb128 69
 443 014c 06       		.uleb128 0x6
 444 014d E9060000 		.4byte	.LASF41
 445 0151 C600     		.sleb128 70
 446 0153 06       		.uleb128 0x6
 447 0154 70050000 		.4byte	.LASF42
 448 0158 C700     		.sleb128 71
 449 015a 06       		.uleb128 0x6
 450 015b D30B0000 		.4byte	.LASF43
 451 015f C800     		.sleb128 72
 452 0161 06       		.uleb128 0x6
 453 0162 53000000 		.4byte	.LASF44
 454 0166 C900     		.sleb128 73
 455 0168 06       		.uleb128 0x6
 456 0169 480B0000 		.4byte	.LASF45
 457 016d CA00     		.sleb128 74
 458 016f 06       		.uleb128 0x6
 459 0170 E9000000 		.4byte	.LASF46
 460 0174 CB00     		.sleb128 75
 461 0176 06       		.uleb128 0x6
 462 0177 D1050000 		.4byte	.LASF47
 463 017b CC00     		.sleb128 76
 464 017d 06       		.uleb128 0x6
 465 017e 870A0000 		.4byte	.LASF48
 466 0182 CD00     		.sleb128 77
 467 0184 06       		.uleb128 0x6
 468 0185 E7020000 		.4byte	.LASF49
 469 0189 CE00     		.sleb128 78
 470 018b 06       		.uleb128 0x6
 471 018c 99090000 		.4byte	.LASF50
 472 0190 CF00     		.sleb128 79
 473 0192 06       		.uleb128 0x6
 474 0193 08010000 		.4byte	.LASF51
 475 0197 D000     		.sleb128 80
 476 0199 06       		.uleb128 0x6
 477 019a 7F030000 		.4byte	.LASF52
 478 019e D100     		.sleb128 81
 479 01a0 06       		.uleb128 0x6
 480 01a1 D8070000 		.4byte	.LASF53
 481 01a5 D200     		.sleb128 82
 482 01a7 06       		.uleb128 0x6
 483 01a8 61090000 		.4byte	.LASF54
 484 01ac D300     		.sleb128 83
 485 01ae 06       		.uleb128 0x6
ARM GAS  C:\Users\Chris\AppData\Local\Temp\ccpiZEqh.s 			page 15


 486 01af D2090000 		.4byte	.LASF55
 487 01b3 D400     		.sleb128 84
 488 01b5 06       		.uleb128 0x6
 489 01b6 14050000 		.4byte	.LASF56
 490 01ba D500     		.sleb128 85
 491 01bc 06       		.uleb128 0x6
 492 01bd 09040000 		.4byte	.LASF57
 493 01c1 F000     		.sleb128 112
 494 01c3 06       		.uleb128 0x6
 495 01c4 270C0000 		.4byte	.LASF58
 496 01c8 F100     		.sleb128 113
 497 01ca 06       		.uleb128 0x6
 498 01cb 05030000 		.4byte	.LASF59
 499 01cf F200     		.sleb128 114
 500 01d1 06       		.uleb128 0x6
 501 01d2 CB060000 		.4byte	.LASF60
 502 01d6 F300     		.sleb128 115
 503 01d8 06       		.uleb128 0x6
 504 01d9 11080000 		.4byte	.LASF61
 505 01dd F400     		.sleb128 116
 506 01df 06       		.uleb128 0x6
 507 01e0 A5030000 		.4byte	.LASF62
 508 01e4 F500     		.sleb128 117
 509 01e6 06       		.uleb128 0x6
 510 01e7 C8000000 		.4byte	.LASF63
 511 01eb F600     		.sleb128 118
 512 01ed 06       		.uleb128 0x6
 513 01ee 6C000000 		.4byte	.LASF64
 514 01f2 F700     		.sleb128 119
 515 01f4 06       		.uleb128 0x6
 516 01f5 00000000 		.4byte	.LASF65
 517 01f9 F800     		.sleb128 120
 518 01fb 06       		.uleb128 0x6
 519 01fc A10A0000 		.4byte	.LASF66
 520 0200 F900     		.sleb128 121
 521 0202 06       		.uleb128 0x6
 522 0203 47040000 		.4byte	.LASF67
 523 0207 FA00     		.sleb128 122
 524 0209 06       		.uleb128 0x6
 525 020a D3010000 		.4byte	.LASF68
 526 020e FA01     		.sleb128 250
 527 0210 06       		.uleb128 0x6
 528 0211 FB030000 		.4byte	.LASF69
 529 0215 FF01     		.sleb128 255
 530 0217 00       		.byte	0
 531 0218 07       		.uleb128 0x7
 532 0219 01       		.byte	0x1
 533 021a 03       		.byte	0x3
 534 021b F801     		.2byte	0x1f8
 535 021d 41020000 		.4byte	0x241
 536 0221 06       		.uleb128 0x6
 537 0222 520C0000 		.4byte	.LASF70
 538 0226 01       		.sleb128 1
 539 0227 06       		.uleb128 0x6
 540 0228 1B0A0000 		.4byte	.LASF71
 541 022c 02       		.sleb128 2
 542 022d 06       		.uleb128 0x6
ARM GAS  C:\Users\Chris\AppData\Local\Temp\ccpiZEqh.s 			page 16


 543 022e BD0B0000 		.4byte	.LASF72
 544 0232 03       		.sleb128 3
 545 0233 06       		.uleb128 0x6
 546 0234 9A070000 		.4byte	.LASF73
 547 0238 04       		.sleb128 4
 548 0239 06       		.uleb128 0x6
 549 023a E2040000 		.4byte	.LASF74
 550 023e FF01     		.sleb128 255
 551 0240 00       		.byte	0
 552 0241 08       		.uleb128 0x8
 553 0242 27010000 		.4byte	.LASF75
 554 0246 03       		.byte	0x3
 555 0247 1402     		.2byte	0x214
 556 0249 18020000 		.4byte	0x218
 557 024d 07       		.uleb128 0x7
 558 024e 01       		.byte	0x1
 559 024f 03       		.byte	0x3
 560 0250 1802     		.2byte	0x218
 561 0252 88020000 		.4byte	0x288
 562 0256 06       		.uleb128 0x6
 563 0257 F1010000 		.4byte	.LASF76
 564 025b 01       		.sleb128 1
 565 025c 06       		.uleb128 0x6
 566 025d E50A0000 		.4byte	.LASF77
 567 0261 02       		.sleb128 2
 568 0262 06       		.uleb128 0x6
 569 0263 D5080000 		.4byte	.LASF78
 570 0267 03       		.sleb128 3
 571 0268 06       		.uleb128 0x6
 572 0269 210B0000 		.4byte	.LASF79
 573 026d 04       		.sleb128 4
 574 026e 06       		.uleb128 0x6
 575 026f 770B0000 		.4byte	.LASF80
 576 0273 05       		.sleb128 5
 577 0274 06       		.uleb128 0x6
 578 0275 96040000 		.4byte	.LASF81
 579 0279 06       		.sleb128 6
 580 027a 06       		.uleb128 0x6
 581 027b 4F060000 		.4byte	.LASF82
 582 027f 07       		.sleb128 7
 583 0280 06       		.uleb128 0x6
 584 0281 B8090000 		.4byte	.LASF83
 585 0285 FF01     		.sleb128 255
 586 0287 00       		.byte	0
 587 0288 09       		.uleb128 0x9
 588 0289 08       		.byte	0x8
 589 028a 04       		.byte	0x4
 590 028b 8F02     		.2byte	0x28f
 591 028d C6020000 		.4byte	0x2c6
 592 0291 0A       		.uleb128 0xa
 593 0292 2F080000 		.4byte	.LASF84
 594 0296 04       		.byte	0x4
 595 0297 9602     		.2byte	0x296
 596 0299 76000000 		.4byte	0x76
 597 029d 00       		.byte	0
 598 029e 0A       		.uleb128 0xa
 599 029f CC070000 		.4byte	.LASF85
ARM GAS  C:\Users\Chris\AppData\Local\Temp\ccpiZEqh.s 			page 17


 600 02a3 04       		.byte	0x4
 601 02a4 9D02     		.2byte	0x29d
 602 02a6 76000000 		.4byte	0x76
 603 02aa 02       		.byte	0x2
 604 02ab 0A       		.uleb128 0xa
 605 02ac A3060000 		.4byte	.LASF86
 606 02b0 04       		.byte	0x4
 607 02b1 A202     		.2byte	0x2a2
 608 02b3 76000000 		.4byte	0x76
 609 02b7 04       		.byte	0x4
 610 02b8 0A       		.uleb128 0xa
 611 02b9 38050000 		.4byte	.LASF87
 612 02bd 04       		.byte	0x4
 613 02be A802     		.2byte	0x2a8
 614 02c0 76000000 		.4byte	0x76
 615 02c4 06       		.byte	0x6
 616 02c5 00       		.byte	0
 617 02c6 08       		.uleb128 0x8
 618 02c7 C4040000 		.4byte	.LASF88
 619 02cb 04       		.byte	0x4
 620 02cc AA02     		.2byte	0x2aa
 621 02ce 88020000 		.4byte	0x288
 622 02d2 09       		.uleb128 0x9
 623 02d3 02       		.byte	0x2
 624 02d4 05       		.byte	0x5
 625 02d5 5501     		.2byte	0x155
 626 02d7 F6020000 		.4byte	0x2f6
 627 02db 0A       		.uleb128 0xa
 628 02dc 1E0C0000 		.4byte	.LASF89
 629 02e0 05       		.byte	0x5
 630 02e1 5C01     		.2byte	0x15c
 631 02e3 6B000000 		.4byte	0x6b
 632 02e7 00       		.byte	0
 633 02e8 0A       		.uleb128 0xa
 634 02e9 49060000 		.4byte	.LASF90
 635 02ed 05       		.byte	0x5
 636 02ee 6201     		.2byte	0x162
 637 02f0 6B000000 		.4byte	0x6b
 638 02f4 01       		.byte	0x1
 639 02f5 00       		.byte	0
 640 02f6 08       		.uleb128 0x8
 641 02f7 8B000000 		.4byte	.LASF91
 642 02fb 05       		.byte	0x5
 643 02fc 6401     		.2byte	0x164
 644 02fe D2020000 		.4byte	0x2d2
 645 0302 05       		.uleb128 0x5
 646 0303 01       		.byte	0x1
 647 0304 06       		.byte	0x6
 648 0305 22       		.byte	0x22
 649 0306 23030000 		.4byte	0x323
 650 030a 06       		.uleb128 0x6
 651 030b 57070000 		.4byte	.LASF92
 652 030f 00       		.sleb128 0
 653 0310 06       		.uleb128 0x6
 654 0311 0D0A0000 		.4byte	.LASF93
 655 0315 01       		.sleb128 1
 656 0316 06       		.uleb128 0x6
ARM GAS  C:\Users\Chris\AppData\Local\Temp\ccpiZEqh.s 			page 18


 657 0317 D9020000 		.4byte	.LASF94
 658 031b 02       		.sleb128 2
 659 031c 06       		.uleb128 0x6
 660 031d C4020000 		.4byte	.LASF95
 661 0321 03       		.sleb128 3
 662 0322 00       		.byte	0
 663 0323 05       		.uleb128 0x5
 664 0324 01       		.byte	0x1
 665 0325 07       		.byte	0x7
 666 0326 1D       		.byte	0x1d
 667 0327 68030000 		.4byte	0x368
 668 032b 06       		.uleb128 0x6
 669 032c 650C0000 		.4byte	.LASF96
 670 0330 00       		.sleb128 0
 671 0331 06       		.uleb128 0x6
 672 0332 2D0A0000 		.4byte	.LASF97
 673 0336 01       		.sleb128 1
 674 0337 06       		.uleb128 0x6
 675 0338 BD080000 		.4byte	.LASF98
 676 033c 02       		.sleb128 2
 677 033d 06       		.uleb128 0x6
 678 033e E4030000 		.4byte	.LASF99
 679 0342 03       		.sleb128 3
 680 0343 06       		.uleb128 0x6
 681 0344 C6030000 		.4byte	.LASF100
 682 0348 04       		.sleb128 4
 683 0349 06       		.uleb128 0x6
 684 034a 82090000 		.4byte	.LASF101
 685 034e 05       		.sleb128 5
 686 034f 06       		.uleb128 0x6
 687 0350 8F060000 		.4byte	.LASF102
 688 0354 06       		.sleb128 6
 689 0355 06       		.uleb128 0x6
 690 0356 F9070000 		.4byte	.LASF103
 691 035a 07       		.sleb128 7
 692 035b 06       		.uleb128 0x6
 693 035c EB050000 		.4byte	.LASF104
 694 0360 08       		.sleb128 8
 695 0361 06       		.uleb128 0x6
 696 0362 1B090000 		.4byte	.LASF105
 697 0366 09       		.sleb128 9
 698 0367 00       		.byte	0
 699 0368 07       		.uleb128 0x7
 700 0369 01       		.byte	0x1
 701 036a 08       		.byte	0x8
 702 036b 9505     		.2byte	0x595
 703 036d 90030000 		.4byte	0x390
 704 0371 06       		.uleb128 0x6
 705 0372 3F000000 		.4byte	.LASF106
 706 0376 00       		.sleb128 0
 707 0377 06       		.uleb128 0x6
 708 0378 13070000 		.4byte	.LASF107
 709 037c 01       		.sleb128 1
 710 037d 06       		.uleb128 0x6
 711 037e A70B0000 		.4byte	.LASF108
 712 0382 02       		.sleb128 2
 713 0383 06       		.uleb128 0x6
ARM GAS  C:\Users\Chris\AppData\Local\Temp\ccpiZEqh.s 			page 19


 714 0384 27020000 		.4byte	.LASF109
 715 0388 03       		.sleb128 3
 716 0389 06       		.uleb128 0x6
 717 038a 21030000 		.4byte	.LASF110
 718 038e 04       		.sleb128 4
 719 038f 00       		.byte	0
 720 0390 08       		.uleb128 0x8
 721 0391 3A0B0000 		.4byte	.LASF111
 722 0395 08       		.byte	0x8
 723 0396 A305     		.2byte	0x5a3
 724 0398 68030000 		.4byte	0x368
 725 039c 05       		.uleb128 0x5
 726 039d 01       		.byte	0x1
 727 039e 09       		.byte	0x9
 728 039f 38       		.byte	0x38
 729 03a0 BD030000 		.4byte	0x3bd
 730 03a4 06       		.uleb128 0x6
 731 03a5 6B0A0000 		.4byte	.LASF112
 732 03a9 00       		.sleb128 0
 733 03aa 06       		.uleb128 0x6
 734 03ab 2F040000 		.4byte	.LASF113
 735 03af 01       		.sleb128 1
 736 03b0 06       		.uleb128 0x6
 737 03b1 B7010000 		.4byte	.LASF114
 738 03b5 02       		.sleb128 2
 739 03b6 06       		.uleb128 0x6
 740 03b7 AF060000 		.4byte	.LASF115
 741 03bb 03       		.sleb128 3
 742 03bc 00       		.byte	0
 743 03bd 04       		.uleb128 0x4
 744 03be 6C020000 		.4byte	.LASF116
 745 03c2 09       		.byte	0x9
 746 03c3 3D       		.byte	0x3d
 747 03c4 9C030000 		.4byte	0x39c
 748 03c8 0B       		.uleb128 0xb
 749 03c9 30090000 		.4byte	.LASF131
 750 03cd 01       		.byte	0x1
 751 03ce 60       		.byte	0x60
 752 03cf 00000000 		.4byte	.LFB35
 753 03d3 40000000 		.4byte	.LFE35-.LFB35
 754 03d7 01       		.uleb128 0x1
 755 03d8 9C       		.byte	0x9c
 756 03d9 0C       		.uleb128 0xc
 757 03da 4D0C0000 		.4byte	.LASF132
 758 03de 01       		.byte	0x1
 759 03df 9E       		.byte	0x9e
 760 03e0 5D000000 		.4byte	0x5d
 761 03e4 00000000 		.4byte	.LFB36
 762 03e8 28010000 		.4byte	.LFE36-.LFB36
 763 03ec 01       		.uleb128 0x1
 764 03ed 9C       		.byte	0x9c
 765 03ee 31040000 		.4byte	0x431
 766 03f2 0D       		.uleb128 0xd
 767 03f3 79010000 		.4byte	.LASF117
 768 03f7 01       		.byte	0x1
 769 03f8 A0       		.byte	0xa0
 770 03f9 81000000 		.4byte	0x81
ARM GAS  C:\Users\Chris\AppData\Local\Temp\ccpiZEqh.s 			page 20


 771 03fd 05       		.uleb128 0x5
 772 03fe 03       		.byte	0x3
 773 03ff 04000000 		.4byte	previousTimestamp.6590
 774 0403 0D       		.uleb128 0xd
 775 0404 660B0000 		.4byte	.LASF118
 776 0408 01       		.byte	0x1
 777 0409 A1       		.byte	0xa1
 778 040a 81000000 		.4byte	0x81
 779 040e 05       		.uleb128 0x5
 780 040f 03       		.byte	0x3
 781 0410 00000000 		.4byte	currentTimestamp.6591
 782 0414 0D       		.uleb128 0xd
 783 0415 C40A0000 		.4byte	.LASF119
 784 0419 01       		.byte	0x1
 785 041a A2       		.byte	0xa2
 786 041b 41020000 		.4byte	0x241
 787 041f 02       		.uleb128 0x2
 788 0420 91       		.byte	0x91
 789 0421 6E       		.sleb128 -18
 790 0422 0D       		.uleb128 0xd
 791 0423 810C0000 		.4byte	.LASF120
 792 0427 01       		.byte	0x1
 793 0428 A3       		.byte	0xa3
 794 0429 6B000000 		.4byte	0x6b
 795 042d 02       		.uleb128 0x2
 796 042e 91       		.byte	0x91
 797 042f 6F       		.sleb128 -17
 798 0430 00       		.byte	0
 799 0431 0D       		.uleb128 0xd
 800 0432 ED080000 		.4byte	.LASF121
 801 0436 01       		.byte	0x1
 802 0437 3E       		.byte	0x3e
 803 0438 C6020000 		.4byte	0x2c6
 804 043c 05       		.uleb128 0x5
 805 043d 03       		.byte	0x3
 806 043e 00000000 		.4byte	hrmConnectionParam
 807 0442 0E       		.uleb128 0xe
 808 0443 FC050000 		.4byte	.LASF122
 809 0447 08       		.byte	0x8
 810 0448 2207     		.2byte	0x722
 811 044a 90030000 		.4byte	0x390
 812 044e 0E       		.uleb128 0xe
 813 044f 46070000 		.4byte	.LASF123
 814 0453 08       		.byte	0x8
 815 0454 2307     		.2byte	0x723
 816 0456 F6020000 		.4byte	0x2f6
 817 045a 0F       		.uleb128 0xf
 818 045b 940B0000 		.4byte	.LASF124
 819 045f 09       		.byte	0x9
 820 0460 43       		.byte	0x43
 821 0461 65040000 		.4byte	0x465
 822 0465 02       		.uleb128 0x2
 823 0466 01       		.byte	0x1
 824 0467 02       		.byte	0x2
 825 0468 00090000 		.4byte	.LASF125
 826 046c 0F       		.uleb128 0xf
 827 046d 62030000 		.4byte	.LASF126
ARM GAS  C:\Users\Chris\AppData\Local\Temp\ccpiZEqh.s 			page 21


 828 0471 09       		.byte	0x9
 829 0472 44       		.byte	0x44
 830 0473 81000000 		.4byte	0x81
 831 0477 0F       		.uleb128 0xf
 832 0478 4B090000 		.4byte	.LASF127
 833 047c 09       		.byte	0x9
 834 047d 45       		.byte	0x45
 835 047e BD030000 		.4byte	0x3bd
 836 0482 00       		.byte	0
 837              		.section	.debug_abbrev,"",%progbits
 838              	.Ldebug_abbrev0:
 839 0000 01       		.uleb128 0x1
 840 0001 11       		.uleb128 0x11
 841 0002 01       		.byte	0x1
 842 0003 25       		.uleb128 0x25
 843 0004 0E       		.uleb128 0xe
 844 0005 13       		.uleb128 0x13
 845 0006 0B       		.uleb128 0xb
 846 0007 03       		.uleb128 0x3
 847 0008 0E       		.uleb128 0xe
 848 0009 1B       		.uleb128 0x1b
 849 000a 0E       		.uleb128 0xe
 850 000b 55       		.uleb128 0x55
 851 000c 17       		.uleb128 0x17
 852 000d 11       		.uleb128 0x11
 853 000e 01       		.uleb128 0x1
 854 000f 10       		.uleb128 0x10
 855 0010 17       		.uleb128 0x17
 856 0011 00       		.byte	0
 857 0012 00       		.byte	0
 858 0013 02       		.uleb128 0x2
 859 0014 24       		.uleb128 0x24
 860 0015 00       		.byte	0
 861 0016 0B       		.uleb128 0xb
 862 0017 0B       		.uleb128 0xb
 863 0018 3E       		.uleb128 0x3e
 864 0019 0B       		.uleb128 0xb
 865 001a 03       		.uleb128 0x3
 866 001b 0E       		.uleb128 0xe
 867 001c 00       		.byte	0
 868 001d 00       		.byte	0
 869 001e 03       		.uleb128 0x3
 870 001f 24       		.uleb128 0x24
 871 0020 00       		.byte	0
 872 0021 0B       		.uleb128 0xb
 873 0022 0B       		.uleb128 0xb
 874 0023 3E       		.uleb128 0x3e
 875 0024 0B       		.uleb128 0xb
 876 0025 03       		.uleb128 0x3
 877 0026 08       		.uleb128 0x8
 878 0027 00       		.byte	0
 879 0028 00       		.byte	0
 880 0029 04       		.uleb128 0x4
 881 002a 16       		.uleb128 0x16
 882 002b 00       		.byte	0
 883 002c 03       		.uleb128 0x3
 884 002d 0E       		.uleb128 0xe
ARM GAS  C:\Users\Chris\AppData\Local\Temp\ccpiZEqh.s 			page 22


 885 002e 3A       		.uleb128 0x3a
 886 002f 0B       		.uleb128 0xb
 887 0030 3B       		.uleb128 0x3b
 888 0031 0B       		.uleb128 0xb
 889 0032 49       		.uleb128 0x49
 890 0033 13       		.uleb128 0x13
 891 0034 00       		.byte	0
 892 0035 00       		.byte	0
 893 0036 05       		.uleb128 0x5
 894 0037 04       		.uleb128 0x4
 895 0038 01       		.byte	0x1
 896 0039 0B       		.uleb128 0xb
 897 003a 0B       		.uleb128 0xb
 898 003b 3A       		.uleb128 0x3a
 899 003c 0B       		.uleb128 0xb
 900 003d 3B       		.uleb128 0x3b
 901 003e 0B       		.uleb128 0xb
 902 003f 01       		.uleb128 0x1
 903 0040 13       		.uleb128 0x13
 904 0041 00       		.byte	0
 905 0042 00       		.byte	0
 906 0043 06       		.uleb128 0x6
 907 0044 28       		.uleb128 0x28
 908 0045 00       		.byte	0
 909 0046 03       		.uleb128 0x3
 910 0047 0E       		.uleb128 0xe
 911 0048 1C       		.uleb128 0x1c
 912 0049 0D       		.uleb128 0xd
 913 004a 00       		.byte	0
 914 004b 00       		.byte	0
 915 004c 07       		.uleb128 0x7
 916 004d 04       		.uleb128 0x4
 917 004e 01       		.byte	0x1
 918 004f 0B       		.uleb128 0xb
 919 0050 0B       		.uleb128 0xb
 920 0051 3A       		.uleb128 0x3a
 921 0052 0B       		.uleb128 0xb
 922 0053 3B       		.uleb128 0x3b
 923 0054 05       		.uleb128 0x5
 924 0055 01       		.uleb128 0x1
 925 0056 13       		.uleb128 0x13
 926 0057 00       		.byte	0
 927 0058 00       		.byte	0
 928 0059 08       		.uleb128 0x8
 929 005a 16       		.uleb128 0x16
 930 005b 00       		.byte	0
 931 005c 03       		.uleb128 0x3
 932 005d 0E       		.uleb128 0xe
 933 005e 3A       		.uleb128 0x3a
 934 005f 0B       		.uleb128 0xb
 935 0060 3B       		.uleb128 0x3b
 936 0061 05       		.uleb128 0x5
 937 0062 49       		.uleb128 0x49
 938 0063 13       		.uleb128 0x13
 939 0064 00       		.byte	0
 940 0065 00       		.byte	0
 941 0066 09       		.uleb128 0x9
ARM GAS  C:\Users\Chris\AppData\Local\Temp\ccpiZEqh.s 			page 23


 942 0067 13       		.uleb128 0x13
 943 0068 01       		.byte	0x1
 944 0069 0B       		.uleb128 0xb
 945 006a 0B       		.uleb128 0xb
 946 006b 3A       		.uleb128 0x3a
 947 006c 0B       		.uleb128 0xb
 948 006d 3B       		.uleb128 0x3b
 949 006e 05       		.uleb128 0x5
 950 006f 01       		.uleb128 0x1
 951 0070 13       		.uleb128 0x13
 952 0071 00       		.byte	0
 953 0072 00       		.byte	0
 954 0073 0A       		.uleb128 0xa
 955 0074 0D       		.uleb128 0xd
 956 0075 00       		.byte	0
 957 0076 03       		.uleb128 0x3
 958 0077 0E       		.uleb128 0xe
 959 0078 3A       		.uleb128 0x3a
 960 0079 0B       		.uleb128 0xb
 961 007a 3B       		.uleb128 0x3b
 962 007b 05       		.uleb128 0x5
 963 007c 49       		.uleb128 0x49
 964 007d 13       		.uleb128 0x13
 965 007e 38       		.uleb128 0x38
 966 007f 0B       		.uleb128 0xb
 967 0080 00       		.byte	0
 968 0081 00       		.byte	0
 969 0082 0B       		.uleb128 0xb
 970 0083 2E       		.uleb128 0x2e
 971 0084 00       		.byte	0
 972 0085 03       		.uleb128 0x3
 973 0086 0E       		.uleb128 0xe
 974 0087 3A       		.uleb128 0x3a
 975 0088 0B       		.uleb128 0xb
 976 0089 3B       		.uleb128 0x3b
 977 008a 0B       		.uleb128 0xb
 978 008b 27       		.uleb128 0x27
 979 008c 19       		.uleb128 0x19
 980 008d 11       		.uleb128 0x11
 981 008e 01       		.uleb128 0x1
 982 008f 12       		.uleb128 0x12
 983 0090 06       		.uleb128 0x6
 984 0091 40       		.uleb128 0x40
 985 0092 18       		.uleb128 0x18
 986 0093 9642     		.uleb128 0x2116
 987 0095 19       		.uleb128 0x19
 988 0096 00       		.byte	0
 989 0097 00       		.byte	0
 990 0098 0C       		.uleb128 0xc
 991 0099 2E       		.uleb128 0x2e
 992 009a 01       		.byte	0x1
 993 009b 3F       		.uleb128 0x3f
 994 009c 19       		.uleb128 0x19
 995 009d 03       		.uleb128 0x3
 996 009e 0E       		.uleb128 0xe
 997 009f 3A       		.uleb128 0x3a
 998 00a0 0B       		.uleb128 0xb
ARM GAS  C:\Users\Chris\AppData\Local\Temp\ccpiZEqh.s 			page 24


 999 00a1 3B       		.uleb128 0x3b
 1000 00a2 0B       		.uleb128 0xb
 1001 00a3 49       		.uleb128 0x49
 1002 00a4 13       		.uleb128 0x13
 1003 00a5 11       		.uleb128 0x11
 1004 00a6 01       		.uleb128 0x1
 1005 00a7 12       		.uleb128 0x12
 1006 00a8 06       		.uleb128 0x6
 1007 00a9 40       		.uleb128 0x40
 1008 00aa 18       		.uleb128 0x18
 1009 00ab 9642     		.uleb128 0x2116
 1010 00ad 19       		.uleb128 0x19
 1011 00ae 01       		.uleb128 0x1
 1012 00af 13       		.uleb128 0x13
 1013 00b0 00       		.byte	0
 1014 00b1 00       		.byte	0
 1015 00b2 0D       		.uleb128 0xd
 1016 00b3 34       		.uleb128 0x34
 1017 00b4 00       		.byte	0
 1018 00b5 03       		.uleb128 0x3
 1019 00b6 0E       		.uleb128 0xe
 1020 00b7 3A       		.uleb128 0x3a
 1021 00b8 0B       		.uleb128 0xb
 1022 00b9 3B       		.uleb128 0x3b
 1023 00ba 0B       		.uleb128 0xb
 1024 00bb 49       		.uleb128 0x49
 1025 00bc 13       		.uleb128 0x13
 1026 00bd 02       		.uleb128 0x2
 1027 00be 18       		.uleb128 0x18
 1028 00bf 00       		.byte	0
 1029 00c0 00       		.byte	0
 1030 00c1 0E       		.uleb128 0xe
 1031 00c2 34       		.uleb128 0x34
 1032 00c3 00       		.byte	0
 1033 00c4 03       		.uleb128 0x3
 1034 00c5 0E       		.uleb128 0xe
 1035 00c6 3A       		.uleb128 0x3a
 1036 00c7 0B       		.uleb128 0xb
 1037 00c8 3B       		.uleb128 0x3b
 1038 00c9 05       		.uleb128 0x5
 1039 00ca 49       		.uleb128 0x49
 1040 00cb 13       		.uleb128 0x13
 1041 00cc 3F       		.uleb128 0x3f
 1042 00cd 19       		.uleb128 0x19
 1043 00ce 3C       		.uleb128 0x3c
 1044 00cf 19       		.uleb128 0x19
 1045 00d0 00       		.byte	0
 1046 00d1 00       		.byte	0
 1047 00d2 0F       		.uleb128 0xf
 1048 00d3 34       		.uleb128 0x34
 1049 00d4 00       		.byte	0
 1050 00d5 03       		.uleb128 0x3
 1051 00d6 0E       		.uleb128 0xe
 1052 00d7 3A       		.uleb128 0x3a
 1053 00d8 0B       		.uleb128 0xb
 1054 00d9 3B       		.uleb128 0x3b
 1055 00da 0B       		.uleb128 0xb
ARM GAS  C:\Users\Chris\AppData\Local\Temp\ccpiZEqh.s 			page 25


 1056 00db 49       		.uleb128 0x49
 1057 00dc 13       		.uleb128 0x13
 1058 00dd 3F       		.uleb128 0x3f
 1059 00de 19       		.uleb128 0x19
 1060 00df 3C       		.uleb128 0x3c
 1061 00e0 19       		.uleb128 0x19
 1062 00e1 00       		.byte	0
 1063 00e2 00       		.byte	0
 1064 00e3 00       		.byte	0
 1065              		.section	.debug_aranges,"",%progbits
 1066 0000 24000000 		.4byte	0x24
 1067 0004 0200     		.2byte	0x2
 1068 0006 00000000 		.4byte	.Ldebug_info0
 1069 000a 04       		.byte	0x4
 1070 000b 00       		.byte	0
 1071 000c 0000     		.2byte	0
 1072 000e 0000     		.2byte	0
 1073 0010 00000000 		.4byte	.LFB35
 1074 0014 40000000 		.4byte	.LFE35-.LFB35
 1075 0018 00000000 		.4byte	.LFB36
 1076 001c 28010000 		.4byte	.LFE36-.LFB36
 1077 0020 00000000 		.4byte	0
 1078 0024 00000000 		.4byte	0
 1079              		.section	.debug_ranges,"",%progbits
 1080              	.Ldebug_ranges0:
 1081 0000 00000000 		.4byte	.LFB35
 1082 0004 40000000 		.4byte	.LFE35
 1083 0008 00000000 		.4byte	.LFB36
 1084 000c 28010000 		.4byte	.LFE36
 1085 0010 00000000 		.4byte	0
 1086 0014 00000000 		.4byte	0
 1087              		.section	.debug_line,"",%progbits
 1088              	.Ldebug_line0:
 1089 0000 3C010000 		.section	.debug_str,"MS",%progbits,1
 1089      0200CA00 
 1089      00000201 
 1089      FB0E0D00 
 1089      01010101 
 1090              	.LASF65:
 1091 0000 4359424C 		.ascii	"CYBLE_EVT_L2CAP_CBFC_RX_CREDIT_IND\000"
 1091      455F4556 
 1091      545F4C32 
 1091      4341505F 
 1091      43424643 
 1092              	.LASF21:
 1093 0023 4359424C 		.ascii	"CYBLE_EVT_STACK_BUSY_STATUS\000"
 1093      455F4556 
 1093      545F5354 
 1093      41434B5F 
 1093      42555359 
 1094              	.LASF106:
 1095 003f 4359424C 		.ascii	"CYBLE_STATE_STOPPED\000"
 1095      455F5354 
 1095      4154455F 
 1095      53544F50 
 1095      50454400 
 1096              	.LASF44:
ARM GAS  C:\Users\Chris\AppData\Local\Temp\ccpiZEqh.s 			page 26


 1097 0053 4359424C 		.ascii	"CYBLE_EVT_GATTC_READ_RSP\000"
 1097      455F4556 
 1097      545F4741 
 1097      5454435F 
 1097      52454144 
 1098              	.LASF64:
 1099 006c 4359424C 		.ascii	"CYBLE_EVT_L2CAP_CBFC_DATA_READ\000"
 1099      455F4556 
 1099      545F4C32 
 1099      4341505F 
 1099      43424643 
 1100              	.LASF91:
 1101 008b 4359424C 		.ascii	"CYBLE_CONN_HANDLE_T\000"
 1101      455F434F 
 1101      4E4E5F48 
 1101      414E444C 
 1101      455F5400 
 1102              	.LASF32:
 1103 009f 4359424C 		.ascii	"CYBLE_EVT_GAP_CONNECTION_UPDATE_COMPLETE\000"
 1103      455F4556 
 1103      545F4741 
 1103      505F434F 
 1103      4E4E4543 
 1104              	.LASF63:
 1105 00c8 4359424C 		.ascii	"CYBLE_EVT_L2CAP_CBFC_DISCONN_CNF\000"
 1105      455F4556 
 1105      545F4C32 
 1105      4341505F 
 1105      43424643 
 1106              	.LASF46:
 1107 00e9 4359424C 		.ascii	"CYBLE_EVT_GATTC_READ_MULTI_RSP\000"
 1107      455F4556 
 1107      545F4741 
 1107      5454435F 
 1107      52454144 
 1108              	.LASF51:
 1109 0108 4359424C 		.ascii	"CYBLE_EVT_GATTS_EXEC_WRITE_REQ\000"
 1109      455F4556 
 1109      545F4741 
 1109      5454535F 
 1109      45584543 
 1110              	.LASF75:
 1111 0127 4359424C 		.ascii	"CYBLE_LP_MODE_T\000"
 1111      455F4C50 
 1111      5F4D4F44 
 1111      455F5400 
 1112              	.LASF40:
 1113 0137 4359424C 		.ascii	"CYBLE_EVT_GATTC_READ_BY_GROUP_TYPE_RSP\000"
 1113      455F4556 
 1113      545F4741 
 1113      5454435F 
 1113      52454144 
 1114              	.LASF18:
 1115 015e 4359424C 		.ascii	"CYBLE_EVT_TIMEOUT\000"
 1115      455F4556 
 1115      545F5449 
 1115      4D454F55 
ARM GAS  C:\Users\Chris\AppData\Local\Temp\ccpiZEqh.s 			page 27


 1115      5400
 1116              	.LASF4:
 1117 0170 6C6F6E67 		.ascii	"long int\000"
 1117      20696E74 
 1117      00
 1118              	.LASF117:
 1119 0179 70726576 		.ascii	"previousTimestamp\000"
 1119      696F7573 
 1119      54696D65 
 1119      7374616D 
 1119      7000
 1120              	.LASF7:
 1121 018b 6C6F6E67 		.ascii	"long long unsigned int\000"
 1121      206C6F6E 
 1121      6720756E 
 1121      7369676E 
 1121      65642069 
 1122              	.LASF20:
 1123 01a2 4359424C 		.ascii	"CYBLE_EVT_HCI_STATUS\000"
 1123      455F4556 
 1123      545F4843 
 1123      495F5354 
 1123      41545553 
 1124              	.LASF114:
 1125 01b7 434F4E4E 		.ascii	"CONN_PARAM_REQUEST_ACCEPTED\000"
 1125      5F504152 
 1125      414D5F52 
 1125      45515545 
 1125      53545F41 
 1126              	.LASF68:
 1127 01d3 4359424C 		.ascii	"CYBLE_EVT_PENDING_FLASH_WRITE\000"
 1127      455F4556 
 1127      545F5045 
 1127      4E44494E 
 1127      475F464C 
 1128              	.LASF76:
 1129 01f1 4359424C 		.ascii	"CYBLE_BLESS_STATE_ACTIVE\000"
 1129      455F424C 
 1129      4553535F 
 1129      53544154 
 1129      455F4143 
 1130              	.LASF31:
 1131 020a 4359424C 		.ascii	"CYBLE_EVT_GAP_ENCRYPT_CHANGE\000"
 1131      455F4556 
 1131      545F4741 
 1131      505F454E 
 1131      43525950 
 1132              	.LASF109:
 1133 0227 4359424C 		.ascii	"CYBLE_STATE_ADVERTISING\000"
 1133      455F5354 
 1133      4154455F 
 1133      41445645 
 1133      52544953 
 1134              	.LASF6:
 1135 023f 6C6F6E67 		.ascii	"long long int\000"
 1135      206C6F6E 
 1135      6720696E 
ARM GAS  C:\Users\Chris\AppData\Local\Temp\ccpiZEqh.s 			page 28


 1135      7400
 1136              	.LASF0:
 1137 024d 7369676E 		.ascii	"signed char\000"
 1137      65642063 
 1137      68617200 
 1138              	.LASF17:
 1139 0259 4359424C 		.ascii	"CYBLE_EVT_STACK_ON\000"
 1139      455F4556 
 1139      545F5354 
 1139      41434B5F 
 1139      4F4E00
 1140              	.LASF116:
 1141 026c 434F4E4E 		.ascii	"CONN_PARAM_REQUEST_STATE\000"
 1141      5F504152 
 1141      414D5F52 
 1141      45515545 
 1141      53545F53 
 1142              	.LASF129:
 1143 0285 2E5C6D61 		.ascii	".\\main.c\000"
 1143      696E2E63 
 1143      00
 1144              	.LASF33:
 1145 028e 4359424C 		.ascii	"CYBLE_EVT_GAPC_SCAN_START_STOP\000"
 1145      455F4556 
 1145      545F4741 
 1145      50435F53 
 1145      43414E5F 
 1146              	.LASF23:
 1147 02ad 4359424C 		.ascii	"CYBLE_EVT_GAP_AUTH_REQ\000"
 1147      455F4556 
 1147      545F4741 
 1147      505F4155 
 1147      54485F52 
 1148              	.LASF95:
 1149 02c4 4359424C 		.ascii	"CYBLE_HRS_CHAR_COUNT\000"
 1149      455F4852 
 1149      535F4348 
 1149      41525F43 
 1149      4F554E54 
 1150              	.LASF94:
 1151 02d9 4359424C 		.ascii	"CYBLE_HRS_CPT\000"
 1151      455F4852 
 1151      535F4350 
 1151      5400
 1152              	.LASF49:
 1153 02e7 4359424C 		.ascii	"CYBLE_EVT_GATTS_WRITE_CMD_REQ\000"
 1153      455F4556 
 1153      545F4741 
 1153      5454535F 
 1153      57524954 
 1154              	.LASF59:
 1155 0305 4359424C 		.ascii	"CYBLE_EVT_L2CAP_COMMAND_REJ\000"
 1155      455F4556 
 1155      545F4C32 
 1155      4341505F 
 1155      434F4D4D 
 1156              	.LASF110:
ARM GAS  C:\Users\Chris\AppData\Local\Temp\ccpiZEqh.s 			page 29


 1157 0321 4359424C 		.ascii	"CYBLE_STATE_DISCONNECTED\000"
 1157      455F5354 
 1157      4154455F 
 1157      44495343 
 1157      4F4E4E45 
 1158              	.LASF28:
 1159 033a 4359424C 		.ascii	"CYBLE_EVT_GAPP_ADVERTISEMENT_START_STOP\000"
 1159      455F4556 
 1159      545F4741 
 1159      50505F41 
 1159      44564552 
 1160              	.LASF126:
 1161 0362 74696D65 		.ascii	"timestampWhenConnected\000"
 1161      7374616D 
 1161      70576865 
 1161      6E436F6E 
 1161      6E656374 
 1162              	.LASF9:
 1163 0379 75696E74 		.ascii	"uint8\000"
 1163      3800
 1164              	.LASF52:
 1165 037f 4359424C 		.ascii	"CYBLE_EVT_GATTC_EXEC_WRITE_RSP\000"
 1165      455F4556 
 1165      545F4741 
 1165      5454435F 
 1165      45584543 
 1166              	.LASF13:
 1167 039e 646F7562 		.ascii	"double\000"
 1167      6C6500
 1168              	.LASF62:
 1169 03a5 4359424C 		.ascii	"CYBLE_EVT_L2CAP_CBFC_DISCONN_IND\000"
 1169      455F4556 
 1169      545F4C32 
 1169      4341505F 
 1169      43424643 
 1170              	.LASF100:
 1171 03c6 4359424C 		.ascii	"CYBLE_DIS_FIRMWARE_REV\000"
 1171      455F4449 
 1171      535F4649 
 1171      524D5741 
 1171      52455F52 
 1172              	.LASF11:
 1173 03dd 75696E74 		.ascii	"uint32\000"
 1173      333200
 1174              	.LASF99:
 1175 03e4 4359424C 		.ascii	"CYBLE_DIS_HARDWARE_REV\000"
 1175      455F4449 
 1175      535F4841 
 1175      52445741 
 1175      52455F52 
 1176              	.LASF69:
 1177 03fb 4359424C 		.ascii	"CYBLE_EVT_MAX\000"
 1177      455F4556 
 1177      545F4D41 
 1177      5800
 1178              	.LASF57:
 1179 0409 4359424C 		.ascii	"CYBLE_EVT_L2CAP_CONN_PARAM_UPDATE_REQ\000"
ARM GAS  C:\Users\Chris\AppData\Local\Temp\ccpiZEqh.s 			page 30


 1179      455F4556 
 1179      545F4C32 
 1179      4341505F 
 1179      434F4E4E 
 1180              	.LASF113:
 1181 042f 434F4E4E 		.ascii	"CONN_PARAM_REQUEST_SENT\000"
 1181      5F504152 
 1181      414D5F52 
 1181      45515545 
 1181      53545F53 
 1182              	.LASF67:
 1183 0447 4359424C 		.ascii	"CYBLE_EVT_L2CAP_CBFC_DATA_WRITE_IND\000"
 1183      455F4556 
 1183      545F4C32 
 1183      4341505F 
 1183      43424643 
 1184              	.LASF8:
 1185 046b 756E7369 		.ascii	"unsigned int\000"
 1185      676E6564 
 1185      20696E74 
 1185      00
 1186              	.LASF37:
 1187 0478 4359424C 		.ascii	"CYBLE_EVT_GATT_DISCONNECT_IND\000"
 1187      455F4556 
 1187      545F4741 
 1187      54545F44 
 1187      4953434F 
 1188              	.LASF81:
 1189 0496 4359424C 		.ascii	"CYBLE_BLESS_STATE_DEEPSLEEP\000"
 1189      455F424C 
 1189      4553535F 
 1189      53544154 
 1189      455F4445 
 1190              	.LASF5:
 1191 04b2 6C6F6E67 		.ascii	"long unsigned int\000"
 1191      20756E73 
 1191      69676E65 
 1191      6420696E 
 1191      7400
 1192              	.LASF88:
 1193 04c4 4359424C 		.ascii	"CYBLE_GAP_CONN_UPDATE_PARAM_T\000"
 1193      455F4741 
 1193      505F434F 
 1193      4E4E5F55 
 1193      50444154 
 1194              	.LASF74:
 1195 04e2 4359424C 		.ascii	"CYBLE_BLESS_INVALID\000"
 1195      455F424C 
 1195      4553535F 
 1195      494E5641 
 1195      4C494400 
 1196              	.LASF39:
 1197 04f6 4359424C 		.ascii	"CYBLE_EVT_GATTC_XCHNG_MTU_RSP\000"
 1197      455F4556 
 1197      545F4741 
 1197      5454435F 
 1197      5843484E 
ARM GAS  C:\Users\Chris\AppData\Local\Temp\ccpiZEqh.s 			page 31


 1198              	.LASF56:
 1199 0514 4359424C 		.ascii	"CYBLE_EVT_GATTS_DATA_SIGNED_CMD_REQ\000"
 1199      455F4556 
 1199      545F4741 
 1199      5454535F 
 1199      44415441 
 1200              	.LASF87:
 1201 0538 73757065 		.ascii	"supervisionTO\000"
 1201      72766973 
 1201      696F6E54 
 1201      4F00
 1202              	.LASF3:
 1203 0546 73686F72 		.ascii	"short unsigned int\000"
 1203      7420756E 
 1203      7369676E 
 1203      65642069 
 1203      6E7400
 1204              	.LASF16:
 1205 0559 4359424C 		.ascii	"CYBLE_EVT_HOST_INVALID\000"
 1205      455F4556 
 1205      545F484F 
 1205      53545F49 
 1205      4E56414C 
 1206              	.LASF42:
 1207 0570 4359424C 		.ascii	"CYBLE_EVT_GATTC_FIND_INFO_RSP\000"
 1207      455F4556 
 1207      545F4741 
 1207      5454435F 
 1207      46494E44 
 1208              	.LASF24:
 1209 058e 4359424C 		.ascii	"CYBLE_EVT_GAP_PASSKEY_ENTRY_REQUEST\000"
 1209      455F4556 
 1209      545F4741 
 1209      505F5041 
 1209      53534B45 
 1210              	.LASF29:
 1211 05b2 4359424C 		.ascii	"CYBLE_EVT_GAP_DEVICE_CONNECTED\000"
 1211      455F4556 
 1211      545F4741 
 1211      505F4445 
 1211      56494345 
 1212              	.LASF47:
 1213 05d1 4359424C 		.ascii	"CYBLE_EVT_GATTS_WRITE_REQ\000"
 1213      455F4556 
 1213      545F4741 
 1213      5454535F 
 1213      57524954 
 1214              	.LASF104:
 1215 05eb 4359424C 		.ascii	"CYBLE_DIS_PNP_ID\000"
 1215      455F4449 
 1215      535F504E 
 1215      505F4944 
 1215      00
 1216              	.LASF122:
 1217 05fc 6379426C 		.ascii	"cyBle_state\000"
 1217      655F7374 
 1217      61746500 
ARM GAS  C:\Users\Chris\AppData\Local\Temp\ccpiZEqh.s 			page 32


 1218              	.LASF25:
 1219 0608 4359424C 		.ascii	"CYBLE_EVT_GAP_PASSKEY_DISPLAY_REQUEST\000"
 1219      455F4556 
 1219      545F4741 
 1219      505F5041 
 1219      53534B45 
 1220              	.LASF36:
 1221 062e 4359424C 		.ascii	"CYBLE_EVT_GATT_CONNECT_IND\000"
 1221      455F4556 
 1221      545F4741 
 1221      54545F43 
 1221      4F4E4E45 
 1222              	.LASF90:
 1223 0649 61747449 		.ascii	"attId\000"
 1223      6400
 1224              	.LASF82:
 1225 064f 4359424C 		.ascii	"CYBLE_BLESS_STATE_HIBERNATE\000"
 1225      455F424C 
 1225      4553535F 
 1225      53544154 
 1225      455F4849 
 1226              	.LASF22:
 1227 066b 4359424C 		.ascii	"CYBLE_EVT_GAPC_SCAN_PROGRESS_RESULT\000"
 1227      455F4556 
 1227      545F4741 
 1227      50435F53 
 1227      43414E5F 
 1228              	.LASF102:
 1229 068f 4359424C 		.ascii	"CYBLE_DIS_SYSTEM_ID\000"
 1229      455F4449 
 1229      535F5359 
 1229      5354454D 
 1229      5F494400 
 1230              	.LASF86:
 1231 06a3 636F6E6E 		.ascii	"connLatency\000"
 1231      4C617465 
 1231      6E637900 
 1232              	.LASF115:
 1233 06af 434F4E4E 		.ascii	"CONN_PARAM_REQUEST_REJECTED\000"
 1233      5F504152 
 1233      414D5F52 
 1233      45515545 
 1233      53545F52 
 1234              	.LASF60:
 1235 06cb 4359424C 		.ascii	"CYBLE_EVT_L2CAP_CBFC_CONN_IND\000"
 1235      455F4556 
 1235      545F4C32 
 1235      4341505F 
 1235      43424643 
 1236              	.LASF41:
 1237 06e9 4359424C 		.ascii	"CYBLE_EVT_GATTC_READ_BY_TYPE_RSP\000"
 1237      455F4556 
 1237      545F4741 
 1237      5454435F 
 1237      52454144 
 1238              	.LASF15:
 1239 070a 73697A65 		.ascii	"sizetype\000"
ARM GAS  C:\Users\Chris\AppData\Local\Temp\ccpiZEqh.s 			page 33


 1239      74797065 
 1239      00
 1240              	.LASF107:
 1241 0713 4359424C 		.ascii	"CYBLE_STATE_INITIALIZING\000"
 1241      455F5354 
 1241      4154455F 
 1241      494E4954 
 1241      49414C49 
 1242              	.LASF27:
 1243 072c 4359424C 		.ascii	"CYBLE_EVT_GAP_AUTH_FAILED\000"
 1243      455F4556 
 1243      545F4741 
 1243      505F4155 
 1243      54485F46 
 1244              	.LASF123:
 1245 0746 6379426C 		.ascii	"cyBle_connHandle\000"
 1245      655F636F 
 1245      6E6E4861 
 1245      6E646C65 
 1245      00
 1246              	.LASF92:
 1247 0757 4359424C 		.ascii	"CYBLE_HRS_HRM\000"
 1247      455F4852 
 1247      535F4852 
 1247      4D00
 1248              	.LASF130:
 1249 0765 433A5C55 		.ascii	"C:\\Users\\Chris\\Desktop\\ECEG-721-Lab3\\BLE Lab 3"
 1249      73657273 
 1249      5C436872 
 1249      69735C44 
 1249      65736B74 
 1250 0793 2E637964 		.ascii	".cydsn\000"
 1250      736E00
 1251              	.LASF73:
 1252 079a 4359424C 		.ascii	"CYBLE_BLESS_HIBERNATE\000"
 1252      455F424C 
 1252      4553535F 
 1252      48494245 
 1252      524E4154 
 1253              	.LASF26:
 1254 07b0 4359424C 		.ascii	"CYBLE_EVT_GAP_AUTH_COMPLETE\000"
 1254      455F4556 
 1254      545F4741 
 1254      505F4155 
 1254      54485F43 
 1255              	.LASF85:
 1256 07cc 636F6E6E 		.ascii	"connIntvMax\000"
 1256      496E7476 
 1256      4D617800 
 1257              	.LASF53:
 1258 07d8 4359424C 		.ascii	"CYBLE_EVT_GATTC_HANDLE_VALUE_NTF\000"
 1258      455F4556 
 1258      545F4741 
 1258      5454435F 
 1258      48414E44 
 1259              	.LASF103:
 1260 07f9 4359424C 		.ascii	"CYBLE_DIS_REG_CERT_DATA\000"
ARM GAS  C:\Users\Chris\AppData\Local\Temp\ccpiZEqh.s 			page 34


 1260      455F4449 
 1260      535F5245 
 1260      475F4345 
 1260      52545F44 
 1261              	.LASF61:
 1262 0811 4359424C 		.ascii	"CYBLE_EVT_L2CAP_CBFC_CONN_CNF\000"
 1262      455F4556 
 1262      545F4C32 
 1262      4341505F 
 1262      43424643 
 1263              	.LASF84:
 1264 082f 636F6E6E 		.ascii	"connIntvMin\000"
 1264      496E7476 
 1264      4D696E00 
 1265              	.LASF12:
 1266 083b 666C6F61 		.ascii	"float\000"
 1266      7400
 1267              	.LASF128:
 1268 0841 474E5520 		.ascii	"GNU C 4.8.4 20140526 (release) [ARM/embedded-4_8-br"
 1268      4320342E 
 1268      382E3420 
 1268      32303134 
 1268      30353236 
 1269 0874 616E6368 		.ascii	"anch revision 211358] -mcpu=cortex-m0 -mthumb -g -O"
 1269      20726576 
 1269      6973696F 
 1269      6E203231 
 1269      31333538 
 1270 08a7 30202D66 		.ascii	"0 -ffunction-sections\000"
 1270      66756E63 
 1270      74696F6E 
 1270      2D736563 
 1270      74696F6E 
 1271              	.LASF98:
 1272 08bd 4359424C 		.ascii	"CYBLE_DIS_SERIAL_NUMBER\000"
 1272      455F4449 
 1272      535F5345 
 1272      5249414C 
 1272      5F4E554D 
 1273              	.LASF78:
 1274 08d5 4359424C 		.ascii	"CYBLE_BLESS_STATE_SLEEP\000"
 1274      455F424C 
 1274      4553535F 
 1274      53544154 
 1274      455F534C 
 1275              	.LASF121:
 1276 08ed 68726D43 		.ascii	"hrmConnectionParam\000"
 1276      6F6E6E65 
 1276      6374696F 
 1276      6E506172 
 1276      616D00
 1277              	.LASF125:
 1278 0900 5F426F6F 		.ascii	"_Bool\000"
 1278      6C00
 1279              	.LASF1:
 1280 0906 756E7369 		.ascii	"unsigned char\000"
 1280      676E6564 
ARM GAS  C:\Users\Chris\AppData\Local\Temp\ccpiZEqh.s 			page 35


 1280      20636861 
 1280      7200
 1281              	.LASF10:
 1282 0914 75696E74 		.ascii	"uint16\000"
 1282      313600
 1283              	.LASF105:
 1284 091b 4359424C 		.ascii	"CYBLE_DIS_CHAR_COUNT\000"
 1284      455F4449 
 1284      535F4348 
 1284      41525F43 
 1284      4F554E54 
 1285              	.LASF131:
 1286 0930 496E6974 		.ascii	"InitializeSystem\000"
 1286      69616C69 
 1286      7A655379 
 1286      7374656D 
 1286      00
 1287              	.LASF2:
 1288 0941 73686F72 		.ascii	"short int\000"
 1288      7420696E 
 1288      7400
 1289              	.LASF127:
 1290 094b 636F6E6E 		.ascii	"connParamRequestState\000"
 1290      50617261 
 1290      6D526571 
 1290      75657374 
 1290      53746174 
 1291              	.LASF54:
 1292 0961 4359424C 		.ascii	"CYBLE_EVT_GATTC_HANDLE_VALUE_IND\000"
 1292      455F4556 
 1292      545F4741 
 1292      5454435F 
 1292      48414E44 
 1293              	.LASF101:
 1294 0982 4359424C 		.ascii	"CYBLE_DIS_SOFTWARE_REV\000"
 1294      455F4449 
 1294      535F534F 
 1294      46545741 
 1294      52455F52 
 1295              	.LASF50:
 1296 0999 4359424C 		.ascii	"CYBLE_EVT_GATTS_PREP_WRITE_REQ\000"
 1296      455F4556 
 1296      545F4741 
 1296      5454535F 
 1296      50524550 
 1297              	.LASF83:
 1298 09b8 4359424C 		.ascii	"CYBLE_BLESS_STATE_INVALID\000"
 1298      455F424C 
 1298      4553535F 
 1298      53544154 
 1298      455F494E 
 1299              	.LASF55:
 1300 09d2 4359424C 		.ascii	"CYBLE_EVT_GATTS_HANDLE_VALUE_CNF\000"
 1300      455F4556 
 1300      545F4741 
 1300      5454535F 
 1300      48414E44 
ARM GAS  C:\Users\Chris\AppData\Local\Temp\ccpiZEqh.s 			page 36


 1301              	.LASF35:
 1302 09f3 4359424C 		.ascii	"CYBLE_EVT_GATTC_ERROR_RSP\000"
 1302      455F4556 
 1302      545F4741 
 1302      5454435F 
 1302      4552524F 
 1303              	.LASF93:
 1304 0a0d 4359424C 		.ascii	"CYBLE_HRS_BSL\000"
 1304      455F4852 
 1304      535F4253 
 1304      4C00
 1305              	.LASF71:
 1306 0a1b 4359424C 		.ascii	"CYBLE_BLESS_SLEEP\000"
 1306      455F424C 
 1306      4553535F 
 1306      534C4545 
 1306      5000
 1307              	.LASF97:
 1308 0a2d 4359424C 		.ascii	"CYBLE_DIS_MODEL_NUMBER\000"
 1308      455F4449 
 1308      535F4D4F 
 1308      44454C5F 
 1308      4E554D42 
 1309              	.LASF14:
 1310 0a44 63686172 		.ascii	"char\000"
 1310      00
 1311              	.LASF30:
 1312 0a49 4359424C 		.ascii	"CYBLE_EVT_GAP_DEVICE_DISCONNECTED\000"
 1312      455F4556 
 1312      545F4741 
 1312      505F4445 
 1312      56494345 
 1313              	.LASF112:
 1314 0a6b 434F4E4E 		.ascii	"CONN_PARAM_REQUEST_NOT_SENT\000"
 1314      5F504152 
 1314      414D5F52 
 1314      45515545 
 1314      53545F4E 
 1315              	.LASF48:
 1316 0a87 4359424C 		.ascii	"CYBLE_EVT_GATTC_WRITE_RSP\000"
 1316      455F4556 
 1316      545F4741 
 1316      5454435F 
 1316      57524954 
 1317              	.LASF66:
 1318 0aa1 4359424C 		.ascii	"CYBLE_EVT_L2CAP_CBFC_TX_CREDIT_IND\000"
 1318      455F4556 
 1318      545F4C32 
 1318      4341505F 
 1318      43424643 
 1319              	.LASF119:
 1320 0ac4 626C654D 		.ascii	"bleMode\000"
 1320      6F646500 
 1321              	.LASF19:
 1322 0acc 4359424C 		.ascii	"CYBLE_EVT_HARDWARE_ERROR\000"
 1322      455F4556 
 1322      545F4841 
ARM GAS  C:\Users\Chris\AppData\Local\Temp\ccpiZEqh.s 			page 37


 1322      52445741 
 1322      52455F45 
 1323              	.LASF77:
 1324 0ae5 4359424C 		.ascii	"CYBLE_BLESS_STATE_EVENT_CLOSE\000"
 1324      455F424C 
 1324      4553535F 
 1324      53544154 
 1324      455F4556 
 1325              	.LASF38:
 1326 0b03 4359424C 		.ascii	"CYBLE_EVT_GATTS_XCNHG_MTU_REQ\000"
 1326      455F4556 
 1326      545F4741 
 1326      5454535F 
 1326      58434E48 
 1327              	.LASF79:
 1328 0b21 4359424C 		.ascii	"CYBLE_BLESS_STATE_ECO_ON\000"
 1328      455F424C 
 1328      4553535F 
 1328      53544154 
 1328      455F4543 
 1329              	.LASF111:
 1330 0b3a 4359424C 		.ascii	"CYBLE_STATE_T\000"
 1330      455F5354 
 1330      4154455F 
 1330      5400
 1331              	.LASF45:
 1332 0b48 4359424C 		.ascii	"CYBLE_EVT_GATTC_READ_BLOB_RSP\000"
 1332      455F4556 
 1332      545F4741 
 1332      5454435F 
 1332      52454144 
 1333              	.LASF118:
 1334 0b66 63757272 		.ascii	"currentTimestamp\000"
 1334      656E7454 
 1334      696D6573 
 1334      74616D70 
 1334      00
 1335              	.LASF80:
 1336 0b77 4359424C 		.ascii	"CYBLE_BLESS_STATE_ECO_STABLE\000"
 1336      455F424C 
 1336      4553535F 
 1336      53544154 
 1336      455F4543 
 1337              	.LASF124:
 1338 0b94 656E7465 		.ascii	"enterHibernateFlag\000"
 1338      72486962 
 1338      65726E61 
 1338      7465466C 
 1338      616700
 1339              	.LASF108:
 1340 0ba7 4359424C 		.ascii	"CYBLE_STATE_CONNECTED\000"
 1340      455F5354 
 1340      4154455F 
 1340      434F4E4E 
 1340      45435445 
 1341              	.LASF72:
 1342 0bbd 4359424C 		.ascii	"CYBLE_BLESS_DEEPSLEEP\000"
ARM GAS  C:\Users\Chris\AppData\Local\Temp\ccpiZEqh.s 			page 38


 1342      455F424C 
 1342      4553535F 
 1342      44454550 
 1342      534C4545 
 1343              	.LASF43:
 1344 0bd3 4359424C 		.ascii	"CYBLE_EVT_GATTC_FIND_BY_TYPE_VALUE_RSP\000"
 1344      455F4556 
 1344      545F4741 
 1344      5454435F 
 1344      46494E44 
 1345              	.LASF34:
 1346 0bfa 4359424C 		.ascii	"CYBLE_EVT_GAP_KEYINFO_EXCHNGE_CMPLT\000"
 1346      455F4556 
 1346      545F4741 
 1346      505F4B45 
 1346      59494E46 
 1347              	.LASF89:
 1348 0c1e 62644861 		.ascii	"bdHandle\000"
 1348      6E646C65 
 1348      00
 1349              	.LASF58:
 1350 0c27 4359424C 		.ascii	"CYBLE_EVT_L2CAP_CONN_PARAM_UPDATE_RSP\000"
 1350      455F4556 
 1350      545F4C32 
 1350      4341505F 
 1350      434F4E4E 
 1351              	.LASF132:
 1352 0c4d 6D61696E 		.ascii	"main\000"
 1352      00
 1353              	.LASF70:
 1354 0c52 4359424C 		.ascii	"CYBLE_BLESS_ACTIVE\000"
 1354      455F424C 
 1354      4553535F 
 1354      41435449 
 1354      564500
 1355              	.LASF96:
 1356 0c65 4359424C 		.ascii	"CYBLE_DIS_MANUFACTURER_NAME\000"
 1356      455F4449 
 1356      535F4D41 
 1356      4E554641 
 1356      43545552 
 1357              	.LASF120:
 1358 0c81 696E7465 		.ascii	"interruptStatus\000"
 1358      72727570 
 1358      74537461 
 1358      74757300 
 1359              		.ident	"GCC: (GNU Tools for ARM Embedded Processors) 4.8.4 20140526 (release) [ARM/embedded-4_8-br
